#
# There is insufficient memory for the Java Runtime Environment to continue.
# Native memory allocation (malloc) failed to allocate 69936 bytes for Chunk::new
# Possible reasons:
#   The system is out of physical RAM or swap space
#   The process is running with CompressedOops enabled, and the Java Heap may be blocking the growth of the native heap
# Possible solutions:
#   Reduce memory load on the system
#   Increase physical memory or swap space
#   Check if swap backing store is full
#   Decrease Java heap size (-Xmx/-Xms)
#   Decrease number of Java threads
#   Decrease Java thread stack sizes (-Xss)
#   Set larger code cache with -XX:ReservedCodeCacheSize=
#   JVM is running with Unscaled Compressed Oops mode in which the Java heap is
#     placed in the first 4GB address space. The Java Heap base address is the
#     maximum limit for the native heap growth. Please use -XX:HeapBaseMinAddress
#     to set the Java Heap base and to place the Java Heap above 4GB virtual address.
# This output file may be truncated or incomplete.
#
#  Out of Memory Error (./src/hotspot/share/memory/arena.cpp:197), pid=11244, tid=17476
#
# JRE version: OpenJDK Runtime Environment (11.0.13) (build 11.0.13+0-b1751.21-8125866)
# Java VM: OpenJDK 64-Bit Server VM (11.0.13+0-b1751.21-8125866, mixed mode, tiered, compressed oops, g1 gc, windows-amd64)
# No core dump will be written. Minidumps are not enabled by default on client versions of Windows
#

---------------  S U M M A R Y ------------

Command Line: --add-opens=java.base/java.util=ALL-UNNAMED --add-opens=java.base/java.lang=ALL-UNNAMED --add-opens=java.base/java.lang.invoke=ALL-UNNAMED --add-opens=java.base/java.util=ALL-UNNAMED --add-opens=java.prefs/java.util.prefs=ALL-UNNAMED --add-opens=java.prefs/java.util.prefs=ALL-UNNAMED --add-opens=java.base/java.nio.charset=ALL-UNNAMED --add-opens=java.base/java.net=ALL-UNNAMED --add-opens=java.base/java.util.concurrent.atomic=ALL-UNNAMED -Xmx1536M -Dfile.encoding=windows-1252 -Duser.country=CA -Duser.language=en -Duser.variant org.gradle.launcher.daemon.bootstrap.GradleDaemon 7.5

Host: Intel(R) Core(TM) i5-8250U CPU @ 1.60GHz, 8 cores, 7G,  Windows 11 , 64 bit Build 22621 (10.0.22621.2215)
Time: Fri Oct  6 16:12:55 2023 Eastern Daylight Time elapsed time: 91.660426 seconds (0d 0h 1m 31s)

---------------  T H R E A D  ---------------

Current thread (0x0000024116a8c000):  JavaThread "C2 CompilerThread0" daemon [_thread_in_native, id=17476, stack(0x00000093c6a00000,0x00000093c6b00000)]


Current CompileTask:
C2:  91660 9705       4       org.gradle.internal.logging.text.AbstractLineChoppingStyledTextOutput::doAppend (43 bytes)

Stack: [0x00000093c6a00000,0x00000093c6b00000]
Native frames: (J=compiled Java code, j=interpreted, Vv=VM code, C=native code)
V  [jvm.dll+0x6100fa]
V  [jvm.dll+0x747090]
V  [jvm.dll+0x7486ad]
V  [jvm.dll+0x748d83]
V  [jvm.dll+0x24ab48]
V  [jvm.dll+0xc04dc]
V  [jvm.dll+0xc0a0c]
V  [jvm.dll+0x5081fd]
V  [jvm.dll+0x32b862]
V  [jvm.dll+0x32ad2a]
V  [jvm.dll+0x2032b2]
V  [jvm.dll+0x202437]
V  [jvm.dll+0x188e01]
V  [jvm.dll+0x21106b]
V  [jvm.dll+0x20f8c1]
V  [jvm.dll+0x70de0f]
V  [jvm.dll+0x706a75]
V  [jvm.dll+0x60ed66]
C  [ucrtbase.dll+0x29363]
C  [KERNEL32.DLL+0x1257d]
C  [ntdll.dll+0x5aa68]


---------------  P R O C E S S  ---------------

Threads class SMR info:
_java_thread_list=0x0000024120d16e90, length=135, elements={
0x000002417cbeb000, 0x000002417fb3d800, 0x000002417fb3e800, 0x0000024116a86800,
0x0000024116a87800, 0x0000024116a88800, 0x0000024116a8c000, 0x0000024116a91000,
0x0000024116a92800, 0x0000024116c00800, 0x000002411741f800, 0x00000241179ef000,
0x0000024117d43800, 0x0000024117d5b000, 0x0000024117e48800, 0x0000024117d41800,
0x0000024117dab000, 0x0000024116fe6800, 0x00000241176a3000, 0x00000241176a4000,
0x0000024118145800, 0x0000024118148000, 0x0000024118146800, 0x0000024118142800,
0x0000024118147000, 0x0000024118149000, 0x0000024118144000, 0x0000024118143000,
0x0000024118144800, 0x000002411a71b800, 0x000002411a71a800, 0x000002411a716800,
0x000002411a718800, 0x000002411a71d000, 0x000002411a717800, 0x000002411a719000,
0x000002411a71f000, 0x000002411a71f800, 0x000002411a71e000, 0x000002411a71a000,
0x000002411a724800, 0x000002411a720800, 0x000002411a722000, 0x000002411a721800,
0x000002411a723000, 0x000002411a723800, 0x000002411aeb9800, 0x000002411aebb000,
0x000002411aeb6000, 0x000002411aebc000, 0x000002411aeb8800, 0x000002411aeba800,
0x000002411aebd000, 0x000002411aeb7000, 0x000002411aeb8000, 0x000002411aebd800,
0x000002411aebf000, 0x000002411aec0000, 0x000002411aec1000, 0x000002411aec1800,
0x000002411aec2800, 0x000002411aec4000, 0x000002411aebe800, 0x000002411aec3800,
0x000002411aec5000, 0x000002411a85f800, 0x000002411a85e000, 0x000002411a85e800,
0x000002411a85b800, 0x000002411a85d000, 0x000002411a85a000, 0x000002411a860800,
0x000002411a85a800, 0x000002411a861000, 0x000002411a862000, 0x000002411a85c800,
0x000002411a863800, 0x000002411a864800, 0x000002411a866000, 0x000002411a867800,
0x000002411a867000, 0x000002411a868800, 0x000002411a863000, 0x000002411a865800,
0x000002411b48d000, 0x000002411b492000, 0x000002411b48e000, 0x000002411b48c800,
0x000002411b493000, 0x000002411b493800, 0x000002411b48f800, 0x000002411b494800,
0x000002411b48e800, 0x000002411b490800, 0x000002411b497000, 0x000002411b495800,
0x000002411b496000, 0x000002411b491000, 0x000002411b497800, 0x000002411b49a000,
0x000002411b49b000, 0x000002411b498800, 0x000002411b499800, 0x0000024119229800,
0x0000024119228000, 0x000002411922a800, 0x000002411922b000, 0x000002411922c000,
0x000002411922d000, 0x000002411922d800, 0x000002411922e800, 0x0000024119228800,
0x0000024119231000, 0x0000024119231800, 0x0000024119230000, 0x000002411922f000,
0x0000024119232800, 0x0000024119233800, 0x0000024119234000, 0x0000024119235000,
0x0000024119236800, 0x0000024119235800, 0x0000024119033000, 0x0000024119035800,
0x0000024119036800, 0x0000024119037800, 0x0000024119032800, 0x0000024119035000,
0x0000024119031800, 0x0000024119038000, 0x000002411903a800, 0x000002411903b800,
0x000002411903e800, 0x000002411903d000, 0x000002411903c000
}

Java Threads: ( => current thread )
  0x000002417cbeb000 JavaThread "main" [_thread_blocked, id=11928, stack(0x00000093c5e00000,0x00000093c5f00000)]
  0x000002417fb3d800 JavaThread "Reference Handler" daemon [_thread_blocked, id=2768, stack(0x00000093c6500000,0x00000093c6600000)]
  0x000002417fb3e800 JavaThread "Finalizer" daemon [_thread_blocked, id=19692, stack(0x00000093c6600000,0x00000093c6700000)]
  0x0000024116a86800 JavaThread "Signal Dispatcher" daemon [_thread_blocked, id=5060, stack(0x00000093c6700000,0x00000093c6800000)]
  0x0000024116a87800 JavaThread "Attach Listener" daemon [_thread_blocked, id=13252, stack(0x00000093c6800000,0x00000093c6900000)]
  0x0000024116a88800 JavaThread "Service Thread" daemon [_thread_blocked, id=16416, stack(0x00000093c6900000,0x00000093c6a00000)]
=>0x0000024116a8c000 JavaThread "C2 CompilerThread0" daemon [_thread_in_native, id=17476, stack(0x00000093c6a00000,0x00000093c6b00000)]
  0x0000024116a91000 JavaThread "C1 CompilerThread0" daemon [_thread_blocked, id=8296, stack(0x00000093c6b00000,0x00000093c6c00000)]
  0x0000024116a92800 JavaThread "Sweeper thread" daemon [_thread_blocked, id=19788, stack(0x00000093c6c00000,0x00000093c6d00000)]
  0x0000024116c00800 JavaThread "Common-Cleaner" daemon [_thread_blocked, id=12440, stack(0x00000093c6d00000,0x00000093c6e00000)]
  0x000002411741f800 JavaThread "Daemon health stats" [_thread_blocked, id=8904, stack(0x00000093c7100000,0x00000093c7200000)]
  0x00000241179ef000 JavaThread "Incoming local TCP Connector on port 62723" [_thread_in_native, id=3360, stack(0x00000093c7200000,0x00000093c7300000)]
  0x0000024117d43800 JavaThread "Daemon periodic checks" [_thread_blocked, id=12572, stack(0x00000093c7300000,0x00000093c7400000)]
  0x0000024117d5b000 JavaThread "Daemon" [_thread_blocked, id=10688, stack(0x00000093c7400000,0x00000093c7500000)]
  0x0000024117e48800 JavaThread "Handler for socket connection from /127.0.0.1:62723 to /127.0.0.1:62724" [_thread_in_native, id=16556, stack(0x00000093c7500000,0x00000093c7600000)]
  0x0000024117d41800 JavaThread "Cancel handler" [_thread_blocked, id=17668, stack(0x00000093c7600000,0x00000093c7700000)]
  0x0000024117dab000 JavaThread "Daemon worker" [_thread_blocked, id=4536, stack(0x00000093c7700000,0x00000093c7800000)]
  0x0000024116fe6800 JavaThread "Asynchronous log dispatcher for DefaultDaemonConnection: socket connection from /127.0.0.1:62723 to /127.0.0.1:62724" [_thread_blocked, id=14152, stack(0x00000093c7800000,0x00000093c7900000)]
  0x00000241176a3000 JavaThread "Stdin handler" [_thread_blocked, id=18972, stack(0x00000093c7900000,0x00000093c7a00000)]
  0x00000241176a4000 JavaThread "Daemon client event forwarder" [_thread_blocked, id=6988, stack(0x00000093c7a00000,0x00000093c7b00000)]
  0x0000024118145800 JavaThread "Cache worker for journal cache (C:\Users\anatr\.gradle\caches\journal-1)" [_thread_blocked, id=15952, stack(0x00000093c8000000,0x00000093c8100000)]
  0x0000024118148000 JavaThread "File lock request listener" [_thread_in_native, id=15000, stack(0x00000093c8100000,0x00000093c8200000)]
  0x0000024118146800 JavaThread "Cache worker for file hash cache (C:\Users\anatr\.gradle\caches\7.5\fileHashes)" [_thread_blocked, id=18416, stack(0x00000093c8200000,0x00000093c8300000)]
  0x0000024118142800 JavaThread "File watcher server" daemon [_thread_in_native, id=18688, stack(0x00000093c8400000,0x00000093c8500000)]
  0x0000024118147000 JavaThread "File watcher consumer" daemon [_thread_blocked, id=10620, stack(0x00000093c8500000,0x00000093c8600000)]
  0x0000024118149000 JavaThread "Cache worker for checksums cache (C:\Users\anatr\Desktop\GitHub\currency_exchange\android\.gradle\7.5\checksums)" [_thread_blocked, id=13404, stack(0x00000093c8600000,0x00000093c8700000)]
  0x0000024118144000 JavaThread "Cache worker for cache directory md-rule (C:\Users\anatr\.gradle\caches\7.5\md-rule)" [_thread_blocked, id=15872, stack(0x00000093c8700000,0x00000093c8800000)]
  0x0000024118143000 JavaThread "Cache worker for file content cache (C:\Users\anatr\.gradle\caches\7.5\fileContent)" [_thread_blocked, id=2612, stack(0x00000093c8800000,0x00000093c8900000)]
  0x0000024118144800 JavaThread "Cache worker for file hash cache (C:\Users\anatr\Desktop\GitHub\currency_exchange\android\.gradle\7.5\fileHashes)" [_thread_blocked, id=5184, stack(0x00000093c8900000,0x00000093c8a00000)]
  0x000002411a71b800 JavaThread "Cache worker for cache directory md-supplier (C:\Users\anatr\.gradle\caches\7.5\md-supplier)" [_thread_blocked, id=5036, stack(0x00000093c8a00000,0x00000093c8b00000)]
  0x000002411a71a800 JavaThread "Cache worker for execution history cache (C:\Users\anatr\.gradle\caches\7.5\executionHistory)" [_thread_blocked, id=12836, stack(0x00000093c8b00000,0x00000093c8c00000)]
  0x000002411a716800 JavaThread "jar transforms" [_thread_blocked, id=11960, stack(0x00000093c8c00000,0x00000093c8d00000)]
  0x000002411a718800 JavaThread "jar transforms Thread 2" [_thread_blocked, id=7872, stack(0x00000093c8d00000,0x00000093c8e00000)]
  0x000002411a71d000 JavaThread "jar transforms Thread 3" [_thread_blocked, id=9384, stack(0x00000093c8e00000,0x00000093c8f00000)]
  0x000002411a717800 JavaThread "jar transforms Thread 4" [_thread_blocked, id=15792, stack(0x00000093c8f00000,0x00000093c9000000)]
  0x000002411a719000 JavaThread "Cache worker for dependencies-accessors (C:\Users\anatr\Desktop\GitHub\currency_exchange\android\.gradle\7.5\dependencies-accessors)" [_thread_blocked, id=3356, stack(0x00000093c9000000,0x00000093c9100000)]
  0x000002411a71f000 JavaThread "jar transforms Thread 5" [_thread_blocked, id=9424, stack(0x00000093c9100000,0x00000093c9200000)]
  0x000002411a71f800 JavaThread "Cache worker for Build Output Cleanup Cache (C:\Users\anatr\Desktop\GitHub\currency_exchange\android\.gradle\buildOutputCleanup)" [_thread_blocked, id=7804, stack(0x00000093c9200000,0x00000093c9300000)]
  0x000002411a71e000 JavaThread "Unconstrained build operations" [_thread_blocked, id=10248, stack(0x00000093c9300000,0x00000093c9400000)]
  0x000002411a71a000 JavaThread "Unconstrained build operations Thread 2" [_thread_blocked, id=12940, stack(0x00000093c9400000,0x00000093c9500000)]
  0x000002411a724800 JavaThread "Unconstrained build operations Thread 3" [_thread_blocked, id=10644, stack(0x00000093c9500000,0x00000093c9600000)]
  0x000002411a720800 JavaThread "Unconstrained build operations Thread 4" [_thread_blocked, id=14260, stack(0x00000093c9600000,0x00000093c9700000)]
  0x000002411a722000 JavaThread "Unconstrained build operations Thread 5" [_thread_blocked, id=11612, stack(0x00000093c9700000,0x00000093c9800000)]
  0x000002411a721800 JavaThread "Unconstrained build operations Thread 6" [_thread_blocked, id=2624, stack(0x00000093c9800000,0x00000093c9900000)]
  0x000002411a723000 JavaThread "Unconstrained build operations Thread 7" [_thread_blocked, id=17416, stack(0x00000093c9900000,0x00000093c9a00000)]
  0x000002411a723800 JavaThread "Unconstrained build operations Thread 8" [_thread_blocked, id=11628, stack(0x00000093c9a00000,0x00000093c9b00000)]
  0x000002411aeb9800 JavaThread "Unconstrained build operations Thread 9" [_thread_blocked, id=10776, stack(0x00000093c9b00000,0x00000093c9c00000)]
  0x000002411aebb000 JavaThread "Unconstrained build operations Thread 10" [_thread_blocked, id=6356, stack(0x00000093c9c00000,0x00000093c9d00000)]
  0x000002411aeb6000 JavaThread "Unconstrained build operations Thread 11" [_thread_blocked, id=10324, stack(0x00000093c9d00000,0x00000093c9e00000)]
  0x000002411aebc000 JavaThread "Unconstrained build operations Thread 12" [_thread_blocked, id=164, stack(0x00000093c9e00000,0x00000093c9f00000)]
  0x000002411aeb8800 JavaThread "Unconstrained build operations Thread 13" [_thread_blocked, id=4464, stack(0x00000093c9f00000,0x00000093ca000000)]
  0x000002411aeba800 JavaThread "Unconstrained build operations Thread 14" [_thread_blocked, id=10092, stack(0x00000093ca000000,0x00000093ca100000)]
  0x000002411aebd000 JavaThread "Unconstrained build operations Thread 15" [_thread_blocked, id=6972, stack(0x00000093ca100000,0x00000093ca200000)]
  0x000002411aeb7000 JavaThread "Unconstrained build operations Thread 16" [_thread_blocked, id=8560, stack(0x00000093ca200000,0x00000093ca300000)]
  0x000002411aeb8000 JavaThread "Unconstrained build operations Thread 17" [_thread_blocked, id=14104, stack(0x00000093ca300000,0x00000093ca400000)]
  0x000002411aebd800 JavaThread "Unconstrained build operations Thread 18" [_thread_blocked, id=15304, stack(0x00000093ca400000,0x00000093ca500000)]
  0x000002411aebf000 JavaThread "Unconstrained build operations Thread 19" [_thread_blocked, id=2104, stack(0x00000093ca500000,0x00000093ca600000)]
  0x000002411aec0000 JavaThread "Unconstrained build operations Thread 20" [_thread_blocked, id=9316, stack(0x00000093ca600000,0x00000093ca700000)]
  0x000002411aec1000 JavaThread "Unconstrained build operations Thread 21" [_thread_blocked, id=15260, stack(0x00000093ca700000,0x00000093ca800000)]
  0x000002411aec1800 JavaThread "Unconstrained build operations Thread 22" [_thread_blocked, id=14688, stack(0x00000093ca800000,0x00000093ca900000)]
  0x000002411aec2800 JavaThread "Unconstrained build operations Thread 23" [_thread_blocked, id=8040, stack(0x00000093ca900000,0x00000093caa00000)]
  0x000002411aec4000 JavaThread "Unconstrained build operations Thread 24" [_thread_blocked, id=20032, stack(0x00000093caa00000,0x00000093cab00000)]
  0x000002411aebe800 JavaThread "Unconstrained build operations Thread 25" [_thread_blocked, id=19524, stack(0x00000093cab00000,0x00000093cac00000)]
  0x000002411aec3800 JavaThread "Unconstrained build operations Thread 26" [_thread_blocked, id=14724, stack(0x00000093cac00000,0x00000093cad00000)]
  0x000002411aec5000 JavaThread "Unconstrained build operations Thread 27" [_thread_blocked, id=4088, stack(0x00000093cad00000,0x00000093cae00000)]
  0x000002411a85f800 JavaThread "Unconstrained build operations Thread 28" [_thread_blocked, id=10892, stack(0x00000093cae00000,0x00000093caf00000)]
  0x000002411a85e000 JavaThread "Unconstrained build operations Thread 29" [_thread_blocked, id=12840, stack(0x00000093caf00000,0x00000093cb000000)]
  0x000002411a85e800 JavaThread "Unconstrained build operations Thread 30" [_thread_blocked, id=9804, stack(0x00000093cb000000,0x00000093cb100000)]
  0x000002411a85b800 JavaThread "Unconstrained build operations Thread 31" [_thread_blocked, id=17332, stack(0x00000093cb100000,0x00000093cb200000)]
  0x000002411a85d000 JavaThread "Unconstrained build operations Thread 32" [_thread_blocked, id=15620, stack(0x00000093cb200000,0x00000093cb300000)]
  0x000002411a85a000 JavaThread "Unconstrained build operations Thread 33" [_thread_blocked, id=11520, stack(0x00000093cb300000,0x00000093cb400000)]
  0x000002411a860800 JavaThread "Unconstrained build operations Thread 34" [_thread_blocked, id=1136, stack(0x00000093cb400000,0x00000093cb500000)]
  0x000002411a85a800 JavaThread "Unconstrained build operations Thread 35" [_thread_blocked, id=20116, stack(0x00000093cb500000,0x00000093cb600000)]
  0x000002411a861000 JavaThread "Unconstrained build operations Thread 36" [_thread_blocked, id=15312, stack(0x00000093cb600000,0x00000093cb700000)]
  0x000002411a862000 JavaThread "Unconstrained build operations Thread 37" [_thread_blocked, id=17688, stack(0x00000093cb700000,0x00000093cb800000)]
  0x000002411a85c800 JavaThread "Unconstrained build operations Thread 38" [_thread_blocked, id=5520, stack(0x00000093cb800000,0x00000093cb900000)]
  0x000002411a863800 JavaThread "Unconstrained build operations Thread 39" [_thread_blocked, id=12728, stack(0x00000093cb900000,0x00000093cba00000)]
  0x000002411a864800 JavaThread "Unconstrained build operations Thread 40" [_thread_blocked, id=12524, stack(0x00000093cba00000,0x00000093cbb00000)]
  0x000002411a866000 JavaThread "Unconstrained build operations Thread 41" [_thread_blocked, id=20368, stack(0x00000093cbb00000,0x00000093cbc00000)]
  0x000002411a867800 JavaThread "Unconstrained build operations Thread 42" [_thread_blocked, id=14580, stack(0x00000093cbc00000,0x00000093cbd00000)]
  0x000002411a867000 JavaThread "Unconstrained build operations Thread 43" [_thread_blocked, id=12096, stack(0x00000093cbd00000,0x00000093cbe00000)]
  0x000002411a868800 JavaThread "Unconstrained build operations Thread 44" [_thread_blocked, id=5300, stack(0x00000093cbe00000,0x00000093cbf00000)]
  0x000002411a863000 JavaThread "Unconstrained build operations Thread 45" [_thread_blocked, id=7120, stack(0x00000093cbf00000,0x00000093cc000000)]
  0x000002411a865800 JavaThread "Unconstrained build operations Thread 46" [_thread_blocked, id=17620, stack(0x00000093cc000000,0x00000093cc100000)]
  0x000002411b48d000 JavaThread "Unconstrained build operations Thread 47" [_thread_blocked, id=18664, stack(0x00000093cc100000,0x00000093cc200000)]
  0x000002411b492000 JavaThread "Unconstrained build operations Thread 48" [_thread_blocked, id=10316, stack(0x00000093cc200000,0x00000093cc300000)]
  0x000002411b48e000 JavaThread "Unconstrained build operations Thread 49" [_thread_blocked, id=18176, stack(0x00000093cc300000,0x00000093cc400000)]
  0x000002411b48c800 JavaThread "Unconstrained build operations Thread 50" [_thread_blocked, id=6132, stack(0x00000093cc400000,0x00000093cc500000)]
  0x000002411b493000 JavaThread "Unconstrained build operations Thread 51" [_thread_blocked, id=1384, stack(0x00000093cc500000,0x00000093cc600000)]
  0x000002411b493800 JavaThread "Unconstrained build operations Thread 52" [_thread_blocked, id=12368, stack(0x00000093cc600000,0x00000093cc700000)]
  0x000002411b48f800 JavaThread "Unconstrained build operations Thread 53" [_thread_blocked, id=19060, stack(0x00000093cc700000,0x00000093cc800000)]
  0x000002411b494800 JavaThread "Unconstrained build operations Thread 54" [_thread_blocked, id=15132, stack(0x00000093cc800000,0x00000093cc900000)]
  0x000002411b48e800 JavaThread "Unconstrained build operations Thread 55" [_thread_blocked, id=11376, stack(0x00000093cc900000,0x00000093cca00000)]
  0x000002411b490800 JavaThread "Unconstrained build operations Thread 56" [_thread_blocked, id=13600, stack(0x00000093cca00000,0x00000093ccb00000)]
  0x000002411b497000 JavaThread "Unconstrained build operations Thread 57" [_thread_blocked, id=11600, stack(0x00000093ccb00000,0x00000093ccc00000)]
  0x000002411b495800 JavaThread "Unconstrained build operations Thread 58" [_thread_blocked, id=13692, stack(0x00000093ccc00000,0x00000093ccd00000)]
  0x000002411b496000 JavaThread "Unconstrained build operations Thread 59" [_thread_blocked, id=8892, stack(0x00000093ccd00000,0x00000093cce00000)]
  0x000002411b491000 JavaThread "Unconstrained build operations Thread 60" [_thread_blocked, id=17520, stack(0x00000093cce00000,0x00000093ccf00000)]
  0x000002411b497800 JavaThread "Unconstrained build operations Thread 61" [_thread_blocked, id=1120, stack(0x00000093ccf00000,0x00000093cd000000)]
  0x000002411b49a000 JavaThread "Unconstrained build operations Thread 62" [_thread_blocked, id=14512, stack(0x00000093cd000000,0x00000093cd100000)]
  0x000002411b49b000 JavaThread "Unconstrained build operations Thread 63" [_thread_blocked, id=12700, stack(0x00000093cd100000,0x00000093cd200000)]
  0x000002411b498800 JavaThread "Unconstrained build operations Thread 64" [_thread_blocked, id=19264, stack(0x00000093cd200000,0x00000093cd300000)]
  0x000002411b499800 JavaThread "Unconstrained build operations Thread 65" [_thread_blocked, id=11312, stack(0x00000093cd300000,0x00000093cd400000)]
  0x0000024119229800 JavaThread "Unconstrained build operations Thread 66" [_thread_blocked, id=2420, stack(0x00000093cd400000,0x00000093cd500000)]
  0x0000024119228000 JavaThread "Unconstrained build operations Thread 67" [_thread_blocked, id=4388, stack(0x00000093cd500000,0x00000093cd600000)]
  0x000002411922a800 JavaThread "Unconstrained build operations Thread 68" [_thread_blocked, id=18332, stack(0x00000093cd600000,0x00000093cd700000)]
  0x000002411922b000 JavaThread "Unconstrained build operations Thread 69" [_thread_blocked, id=9580, stack(0x00000093cd700000,0x00000093cd800000)]
  0x000002411922c000 JavaThread "Unconstrained build operations Thread 70" [_thread_blocked, id=12468, stack(0x00000093cd800000,0x00000093cd900000)]
  0x000002411922d000 JavaThread "Unconstrained build operations Thread 71" [_thread_blocked, id=10632, stack(0x00000093cd900000,0x00000093cda00000)]
  0x000002411922d800 JavaThread "Unconstrained build operations Thread 72" [_thread_blocked, id=4928, stack(0x00000093cda00000,0x00000093cdb00000)]
  0x000002411922e800 JavaThread "Unconstrained build operations Thread 73" [_thread_blocked, id=17692, stack(0x00000093cdb00000,0x00000093cdc00000)]
  0x0000024119228800 JavaThread "Unconstrained build operations Thread 74" [_thread_blocked, id=11156, stack(0x00000093cdc00000,0x00000093cdd00000)]
  0x0000024119231000 JavaThread "Unconstrained build operations Thread 75" [_thread_blocked, id=19812, stack(0x00000093cdd00000,0x00000093cde00000)]
  0x0000024119231800 JavaThread "Unconstrained build operations Thread 76" [_thread_blocked, id=17080, stack(0x00000093cde00000,0x00000093cdf00000)]
  0x0000024119230000 JavaThread "Unconstrained build operations Thread 77" [_thread_blocked, id=14344, stack(0x00000093cdf00000,0x00000093ce000000)]
  0x000002411922f000 JavaThread "Unconstrained build operations Thread 78" [_thread_blocked, id=6272, stack(0x00000093ce000000,0x00000093ce100000)]
  0x0000024119232800 JavaThread "Unconstrained build operations Thread 79" [_thread_blocked, id=7452, stack(0x00000093ce100000,0x00000093ce200000)]
  0x0000024119233800 JavaThread "Unconstrained build operations Thread 80" [_thread_blocked, id=13612, stack(0x00000093ce200000,0x00000093ce300000)]
  0x0000024119234000 JavaThread "jar transforms Thread 6" [_thread_blocked, id=7212, stack(0x00000093ce300000,0x00000093ce400000)]
  0x0000024119235000 JavaThread "jar transforms Thread 7" [_thread_blocked, id=4156, stack(0x00000093ce400000,0x00000093ce500000)]
  0x0000024119236800 JavaThread "jar transforms Thread 8" [_thread_blocked, id=11584, stack(0x00000093ce500000,0x00000093ce600000)]
  0x0000024119235800 JavaThread "Memory manager" [_thread_blocked, id=9296, stack(0x00000093c5b00000,0x00000093c5c00000)]
  0x0000024119033000 JavaThread "Cache worker for kotlin-dsl (C:\Users\anatr\.gradle\caches\7.5\kotlin-dsl)" [_thread_blocked, id=18820, stack(0x00000093c5c00000,0x00000093c5d00000)]
  0x0000024119035800 JavaThread "included builds" [_thread_blocked, id=864, stack(0x00000093c5d00000,0x00000093c5e00000)]
  0x0000024119036800 JavaThread "Execution worker" [_thread_blocked, id=16116, stack(0x00000093ce800000,0x00000093ce900000)]
  0x0000024119037800 JavaThread "Execution worker Thread 2" [_thread_blocked, id=3116, stack(0x00000093ce900000,0x00000093cea00000)]
  0x0000024119032800 JavaThread "Execution worker Thread 3" [_thread_blocked, id=10144, stack(0x00000093cea00000,0x00000093ceb00000)]
  0x0000024119035000 JavaThread "Execution worker Thread 4" [_thread_blocked, id=8416, stack(0x00000093ceb00000,0x00000093cec00000)]
  0x0000024119031800 JavaThread "Execution worker Thread 5" [_thread_blocked, id=15860, stack(0x00000093cec00000,0x00000093ced00000)]
  0x0000024119038000 JavaThread "Execution worker Thread 6" [_thread_blocked, id=7972, stack(0x00000093ced00000,0x00000093cee00000)]
  0x000002411903a800 JavaThread "Execution worker Thread 7" [_thread_blocked, id=12296, stack(0x00000093cee00000,0x00000093cef00000)]
  0x000002411903b800 JavaThread "Cache worker for execution history cache (C:\Users\anatr\Desktop\GitHub\currency_exchange\android\.gradle\7.5\executionHistory)" [_thread_blocked, id=3564, stack(0x00000093cef00000,0x00000093cf000000)]
  0x000002411903e800 JavaThread "Exec process" [_thread_in_native, id=4732, stack(0x00000093cf000000,0x00000093cf100000)]
  0x000002411903d000 JavaThread "Exec process Thread 2" [_thread_in_native, id=3548, stack(0x00000093cf100000,0x00000093cf200000)]
  0x000002411903c000 JavaThread "Exec process Thread 3" [_thread_in_native, id=14764, stack(0x00000093cf200000,0x00000093cf300000)]

Other Threads:
  0x000002417fb39800 VMThread "VM Thread" [stack: 0x00000093c6400000,0x00000093c6500000] [id=15512]
  0x0000024116c33800 WatcherThread [stack: 0x00000093c6e00000,0x00000093c6f00000] [id=18280]
  0x000002417cc05800 GCTaskThread "GC Thread#0" [stack: 0x00000093c5f00000,0x00000093c6000000] [id=15636]
  0x0000024117449800 GCTaskThread "GC Thread#1" [stack: 0x00000093c6f00000,0x00000093c7000000] [id=10676]
  0x00000241173cc000 GCTaskThread "GC Thread#2" [stack: 0x00000093c7000000,0x00000093c7100000] [id=1760]
  0x0000024118a23000 GCTaskThread "GC Thread#3" [stack: 0x00000093c7b00000,0x00000093c7c00000] [id=4280]
  0x0000024117ac1800 GCTaskThread "GC Thread#4" [stack: 0x00000093c7c00000,0x00000093c7d00000] [id=19148]
  0x0000024117e2c800 GCTaskThread "GC Thread#5" [stack: 0x00000093c7d00000,0x00000093c7e00000] [id=4184]
  0x0000024117e2d000 GCTaskThread "GC Thread#6" [stack: 0x00000093c7e00000,0x00000093c7f00000] [id=6080]
  0x0000024116eef000 GCTaskThread "GC Thread#7" [stack: 0x00000093c7f00000,0x00000093c8000000] [id=9236]
  0x000002417cc2b000 ConcurrentGCThread "G1 Main Marker" [stack: 0x00000093c6000000,0x00000093c6100000] [id=16512]
  0x000002417cc2d000 ConcurrentGCThread "G1 Conc#0" [stack: 0x00000093c6100000,0x00000093c6200000] [id=2956]
  0x0000024118570800 ConcurrentGCThread "G1 Conc#1" [stack: 0x00000093c8300000,0x00000093c8400000] [id=3372]
  0x000002417ccbe800 ConcurrentGCThread "G1 Refine#0" [stack: 0x00000093c6200000,0x00000093c6300000] [id=16788]
  0x000002417f980800 ConcurrentGCThread "G1 Young RemSet Sampling" [stack: 0x00000093c6300000,0x00000093c6400000] [id=11384]

Threads with active compile tasks:
C2 CompilerThread0  91758 9705       4       org.gradle.internal.logging.text.AbstractLineChoppingStyledTextOutput::doAppend (43 bytes)

VM state:not at safepoint (normal execution)

VM Mutex/Monitor currently owned by a thread: None

Heap address: 0x00000000a0000000, size: 1536 MB, Compressed Oops mode: 32-bit
Narrow klass base: 0x0000000000000000, Narrow klass shift: 3
Compressed class space size: 1073741824 Address: 0x0000000100000000

Heap:
 garbage-first heap   total 131072K, used 105513K [0x00000000a0000000, 0x0000000100000000)
  region size 1024K, 20 young (20480K), 3 survivors (3072K)
 Metaspace       used 88463K, capacity 91021K, committed 91176K, reserved 1128448K
  class space    used 11589K, capacity 12538K, committed 12632K, reserved 1048576K
Heap Regions: E=young(eden), S=young(survivor), O=old, HS=humongous(starts), HC=humongous(continues), CS=collection set, F=free, A=archive, TAMS=top-at-mark-start (previous, next)
|   0|0x00000000a0000000, 0x00000000a0100000, 0x00000000a0100000|100%| O|  |TAMS 0x00000000a0100000, 0x00000000a0000000| Untracked 
|   1|0x00000000a0100000, 0x00000000a0200000, 0x00000000a0200000|100%| O|  |TAMS 0x00000000a0200000, 0x00000000a0100000| Untracked 
|   2|0x00000000a0200000, 0x00000000a0300000, 0x00000000a0300000|100%| O|  |TAMS 0x00000000a0300000, 0x00000000a0200000| Untracked 
|   3|0x00000000a0300000, 0x00000000a0400000, 0x00000000a0400000|100%|HS|  |TAMS 0x00000000a0400000, 0x00000000a0300000| Complete 
|   4|0x00000000a0400000, 0x00000000a0500000, 0x00000000a0500000|100%|HC|  |TAMS 0x00000000a0500000, 0x00000000a0400000| Complete 
|   5|0x00000000a0500000, 0x00000000a0600000, 0x00000000a0600000|100%|HC|  |TAMS 0x00000000a0600000, 0x00000000a0500000| Complete 
|   6|0x00000000a0600000, 0x00000000a0700000, 0x00000000a0700000|100%| O|  |TAMS 0x00000000a0700000, 0x00000000a0600000| Untracked 
|   7|0x00000000a0700000, 0x00000000a0800000, 0x00000000a0800000|100%| O|  |TAMS 0x00000000a0800000, 0x00000000a0700000| Untracked 
|   8|0x00000000a0800000, 0x00000000a0900000, 0x00000000a0900000|100%| O|  |TAMS 0x00000000a0900000, 0x00000000a0800000| Untracked 
|   9|0x00000000a0900000, 0x00000000a0a00000, 0x00000000a0a00000|100%| O|  |TAMS 0x00000000a0a00000, 0x00000000a0900000| Untracked 
|  10|0x00000000a0a00000, 0x00000000a0b00000, 0x00000000a0b00000|100%| O|  |TAMS 0x00000000a0b00000, 0x00000000a0a00000| Untracked 
|  11|0x00000000a0b00000, 0x00000000a0c00000, 0x00000000a0c00000|100%| O|  |TAMS 0x00000000a0c00000, 0x00000000a0b00000| Untracked 
|  12|0x00000000a0c00000, 0x00000000a0d00000, 0x00000000a0d00000|100%| O|  |TAMS 0x00000000a0d00000, 0x00000000a0c00000| Untracked 
|  13|0x00000000a0d00000, 0x00000000a0e00000, 0x00000000a0e00000|100%| O|  |TAMS 0x00000000a0e00000, 0x00000000a0d00000| Untracked 
|  14|0x00000000a0e00000, 0x00000000a0f00000, 0x00000000a0f00000|100%| O|  |TAMS 0x00000000a0f00000, 0x00000000a0e00000| Untracked 
|  15|0x00000000a0f00000, 0x00000000a1000000, 0x00000000a1000000|100%| O|  |TAMS 0x00000000a1000000, 0x00000000a0f00000| Untracked 
|  16|0x00000000a1000000, 0x00000000a1100000, 0x00000000a1100000|100%|HS|  |TAMS 0x00000000a1100000, 0x00000000a1000000| Complete 
|  17|0x00000000a1100000, 0x00000000a1200000, 0x00000000a1200000|100%| O|  |TAMS 0x00000000a1200000, 0x00000000a1100000| Untracked 
|  18|0x00000000a1200000, 0x00000000a1300000, 0x00000000a1300000|100%| O|  |TAMS 0x00000000a1300000, 0x00000000a1200000| Untracked 
|  19|0x00000000a1300000, 0x00000000a1400000, 0x00000000a1400000|100%| O|  |TAMS 0x00000000a1400000, 0x00000000a1300000| Untracked 
|  20|0x00000000a1400000, 0x00000000a1500000, 0x00000000a1500000|100%| O|  |TAMS 0x00000000a1500000, 0x00000000a1400000| Untracked 
|  21|0x00000000a1500000, 0x00000000a1600000, 0x00000000a1600000|100%| O|  |TAMS 0x00000000a1600000, 0x00000000a1500000| Untracked 
|  22|0x00000000a1600000, 0x00000000a1700000, 0x00000000a1700000|100%| O|  |TAMS 0x00000000a1700000, 0x00000000a1600000| Untracked 
|  23|0x00000000a1700000, 0x00000000a1800000, 0x00000000a1800000|100%|HS|  |TAMS 0x00000000a1800000, 0x00000000a1700000| Complete 
|  24|0x00000000a1800000, 0x00000000a1900000, 0x00000000a1900000|100%|HS|  |TAMS 0x00000000a1900000, 0x00000000a1800000| Complete 
|  25|0x00000000a1900000, 0x00000000a1a00000, 0x00000000a1a00000|100%| O|  |TAMS 0x00000000a1a00000, 0x00000000a1900000| Untracked 
|  26|0x00000000a1a00000, 0x00000000a1b00000, 0x00000000a1b00000|100%| O|  |TAMS 0x00000000a1b00000, 0x00000000a1a00000| Untracked 
|  27|0x00000000a1b00000, 0x00000000a1c00000, 0x00000000a1c00000|100%| O|  |TAMS 0x00000000a1c00000, 0x00000000a1b00000| Untracked 
|  28|0x00000000a1c00000, 0x00000000a1d00000, 0x00000000a1d00000|100%| O|  |TAMS 0x00000000a1d00000, 0x00000000a1c00000| Untracked 
|  29|0x00000000a1d00000, 0x00000000a1e00000, 0x00000000a1e00000|100%| O|  |TAMS 0x00000000a1e00000, 0x00000000a1d00000| Untracked 
|  30|0x00000000a1e00000, 0x00000000a1f00000, 0x00000000a1f00000|100%|HS|  |TAMS 0x00000000a1f00000, 0x00000000a1e00000| Complete 
|  31|0x00000000a1f00000, 0x00000000a2000000, 0x00000000a2000000|100%|HC|  |TAMS 0x00000000a2000000, 0x00000000a1f00000| Complete 
|  32|0x00000000a2000000, 0x00000000a2100000, 0x00000000a2100000|100%|HC|  |TAMS 0x00000000a2100000, 0x00000000a2000000| Complete 
|  33|0x00000000a2100000, 0x00000000a2200000, 0x00000000a2200000|100%|HS|  |TAMS 0x00000000a2200000, 0x00000000a2100000| Complete 
|  34|0x00000000a2200000, 0x00000000a2300000, 0x00000000a2300000|100%|HC|  |TAMS 0x00000000a2300000, 0x00000000a2200000| Complete 
|  35|0x00000000a2300000, 0x00000000a2400000, 0x00000000a2400000|100%| O|  |TAMS 0x00000000a2400000, 0x00000000a2300000| Untracked 
|  36|0x00000000a2400000, 0x00000000a2500000, 0x00000000a2500000|100%| O|  |TAMS 0x00000000a2500000, 0x00000000a2400000| Untracked 
|  37|0x00000000a2500000, 0x00000000a2600000, 0x00000000a2600000|100%| O|  |TAMS 0x00000000a2600000, 0x00000000a2500000| Untracked 
|  38|0x00000000a2600000, 0x00000000a2700000, 0x00000000a2700000|100%| O|  |TAMS 0x00000000a2700000, 0x00000000a2600000| Untracked 
|  39|0x00000000a2700000, 0x00000000a2800000, 0x00000000a2800000|100%| O|  |TAMS 0x00000000a2800000, 0x00000000a2700000| Untracked 
|  40|0x00000000a2800000, 0x00000000a2900000, 0x00000000a2900000|100%| O|  |TAMS 0x00000000a2900000, 0x00000000a2800000| Untracked 
|  41|0x00000000a2900000, 0x00000000a2a00000, 0x00000000a2a00000|100%| O|  |TAMS 0x00000000a2a00000, 0x00000000a2900000| Untracked 
|  42|0x00000000a2a00000, 0x00000000a2b00000, 0x00000000a2b00000|100%| O|  |TAMS 0x00000000a2b00000, 0x00000000a2a00000| Untracked 
|  43|0x00000000a2b00000, 0x00000000a2c00000, 0x00000000a2c00000|100%| O|  |TAMS 0x00000000a2c00000, 0x00000000a2b00000| Untracked 
|  44|0x00000000a2c00000, 0x00000000a2d00000, 0x00000000a2d00000|100%| O|  |TAMS 0x00000000a2d00000, 0x00000000a2c00000| Untracked 
|  45|0x00000000a2d00000, 0x00000000a2e00000, 0x00000000a2e00000|100%| O|  |TAMS 0x00000000a2e00000, 0x00000000a2d00000| Untracked 
|  46|0x00000000a2e00000, 0x00000000a2f00000, 0x00000000a2f00000|100%| O|  |TAMS 0x00000000a2f00000, 0x00000000a2e00000| Untracked 
|  47|0x00000000a2f00000, 0x00000000a3000000, 0x00000000a3000000|100%| O|  |TAMS 0x00000000a3000000, 0x00000000a2f00000| Untracked 
|  48|0x00000000a3000000, 0x00000000a3100000, 0x00000000a3100000|100%| O|  |TAMS 0x00000000a3100000, 0x00000000a3000000| Untracked 
|  49|0x00000000a3100000, 0x00000000a3200000, 0x00000000a3200000|100%|HS|  |TAMS 0x00000000a3200000, 0x00000000a3100000| Complete 
|  50|0x00000000a3200000, 0x00000000a3300000, 0x00000000a3300000|100%| O|  |TAMS 0x00000000a3300000, 0x00000000a3200000| Untracked 
|  51|0x00000000a3300000, 0x00000000a3400000, 0x00000000a3400000|100%| O|  |TAMS 0x00000000a3400000, 0x00000000a3300000| Untracked 
|  52|0x00000000a3400000, 0x00000000a3500000, 0x00000000a3500000|100%| O|  |TAMS 0x00000000a3500000, 0x00000000a3400000| Untracked 
|  53|0x00000000a3500000, 0x00000000a3600000, 0x00000000a3600000|100%| O|  |TAMS 0x00000000a3600000, 0x00000000a3500000| Untracked 
|  54|0x00000000a3600000, 0x00000000a3700000, 0x00000000a3700000|100%|HS|  |TAMS 0x00000000a3700000, 0x00000000a3600000| Complete 
|  55|0x00000000a3700000, 0x00000000a3800000, 0x00000000a3800000|100%| O|  |TAMS 0x00000000a3800000, 0x00000000a3700000| Untracked 
|  56|0x00000000a3800000, 0x00000000a3900000, 0x00000000a3900000|100%| O|  |TAMS 0x00000000a3900000, 0x00000000a3800000| Untracked 
|  57|0x00000000a3900000, 0x00000000a3a00000, 0x00000000a3a00000|100%| O|  |TAMS 0x00000000a3a00000, 0x00000000a3900000| Untracked 
|  58|0x00000000a3a00000, 0x00000000a3b00000, 0x00000000a3b00000|100%| O|  |TAMS 0x00000000a3b00000, 0x00000000a3a00000| Untracked 
|  59|0x00000000a3b00000, 0x00000000a3c00000, 0x00000000a3c00000|100%| O|  |TAMS 0x00000000a3c00000, 0x00000000a3b00000| Untracked 
|  60|0x00000000a3c00000, 0x00000000a3d00000, 0x00000000a3d00000|100%| O|  |TAMS 0x00000000a3d00000, 0x00000000a3c00000| Untracked 
|  61|0x00000000a3d00000, 0x00000000a3e00000, 0x00000000a3e00000|100%| O|  |TAMS 0x00000000a3e00000, 0x00000000a3d00000| Untracked 
|  62|0x00000000a3e00000, 0x00000000a3f00000, 0x00000000a3f00000|100%| O|  |TAMS 0x00000000a3f00000, 0x00000000a3e00000| Untracked 
|  63|0x00000000a3f00000, 0x00000000a4000000, 0x00000000a4000000|100%| O|  |TAMS 0x00000000a4000000, 0x00000000a3f00000| Untracked 
|  64|0x00000000a4000000, 0x00000000a4100000, 0x00000000a4100000|100%| O|  |TAMS 0x00000000a4100000, 0x00000000a4000000| Untracked 
|  65|0x00000000a4100000, 0x00000000a4200000, 0x00000000a4200000|100%| O|  |TAMS 0x00000000a4200000, 0x00000000a4100000| Untracked 
|  66|0x00000000a4200000, 0x00000000a4300000, 0x00000000a4300000|100%| O|  |TAMS 0x00000000a4300000, 0x00000000a4200000| Untracked 
|  67|0x00000000a4300000, 0x00000000a4400000, 0x00000000a4400000|100%| O|  |TAMS 0x00000000a4400000, 0x00000000a4300000| Untracked 
|  68|0x00000000a4400000, 0x00000000a4500000, 0x00000000a4500000|100%| O|  |TAMS 0x00000000a4500000, 0x00000000a4400000| Untracked 
|  69|0x00000000a4500000, 0x00000000a4600000, 0x00000000a4600000|100%| O|  |TAMS 0x00000000a4600000, 0x00000000a4500000| Untracked 
|  70|0x00000000a4600000, 0x00000000a4700000, 0x00000000a4700000|100%| O|  |TAMS 0x00000000a4700000, 0x00000000a4600000| Untracked 
|  71|0x00000000a4700000, 0x00000000a4800000, 0x00000000a4800000|100%| O|  |TAMS 0x00000000a4800000, 0x00000000a4700000| Untracked 
|  72|0x00000000a4800000, 0x00000000a4900000, 0x00000000a4900000|100%| O|  |TAMS 0x00000000a4900000, 0x00000000a4800000| Untracked 
|  73|0x00000000a4900000, 0x00000000a4a00000, 0x00000000a4a00000|100%| O|  |TAMS 0x00000000a4a00000, 0x00000000a4900000| Untracked 
|  74|0x00000000a4a00000, 0x00000000a4b00000, 0x00000000a4b00000|100%| O|  |TAMS 0x00000000a4b00000, 0x00000000a4a00000| Untracked 
|  75|0x00000000a4b00000, 0x00000000a4c00000, 0x00000000a4c00000|100%| O|  |TAMS 0x00000000a4c00000, 0x00000000a4b00000| Untracked 
|  76|0x00000000a4c00000, 0x00000000a4d00000, 0x00000000a4d00000|100%| O|  |TAMS 0x00000000a4d00000, 0x00000000a4c00000| Untracked 
|  77|0x00000000a4d00000, 0x00000000a4e00000, 0x00000000a4e00000|100%| O|  |TAMS 0x00000000a4e00000, 0x00000000a4d00000| Untracked 
|  78|0x00000000a4e00000, 0x00000000a4f00000, 0x00000000a4f00000|100%| O|  |TAMS 0x00000000a4f00000, 0x00000000a4e00000| Untracked 
|  79|0x00000000a4f00000, 0x00000000a5000000, 0x00000000a5000000|100%| O|  |TAMS 0x00000000a5000000, 0x00000000a4f00000| Untracked 
|  80|0x00000000a5000000, 0x00000000a5100000, 0x00000000a5100000|100%| O|  |TAMS 0x00000000a50ade00, 0x00000000a5000000| Untracked 
|  81|0x00000000a5100000, 0x00000000a5200000, 0x00000000a5200000|100%| O|  |TAMS 0x00000000a5100000, 0x00000000a5100000| Untracked 
|  82|0x00000000a5200000, 0x00000000a5300000, 0x00000000a5300000|100%| O|  |TAMS 0x00000000a5200000, 0x00000000a5200000| Untracked 
|  83|0x00000000a5300000, 0x00000000a5400000, 0x00000000a5400000|100%| O|  |TAMS 0x00000000a5300000, 0x00000000a5300000| Untracked 
|  84|0x00000000a5400000, 0x00000000a54c7600, 0x00000000a5500000| 77%| O|  |TAMS 0x00000000a5400000, 0x00000000a5400000| Untracked 
|  85|0x00000000a5500000, 0x00000000a5500000, 0x00000000a5600000|  0%| F|  |TAMS 0x00000000a5500000, 0x00000000a5500000| Untracked 
|  86|0x00000000a5600000, 0x00000000a5600000, 0x00000000a5700000|  0%| F|  |TAMS 0x00000000a5600000, 0x00000000a5600000| Untracked 
|  87|0x00000000a5700000, 0x00000000a5700000, 0x00000000a5800000|  0%| F|  |TAMS 0x00000000a5700000, 0x00000000a5700000| Untracked 
|  88|0x00000000a5800000, 0x00000000a5800000, 0x00000000a5900000|  0%| F|  |TAMS 0x00000000a5800000, 0x00000000a5800000| Untracked 
|  89|0x00000000a5900000, 0x00000000a5900000, 0x00000000a5a00000|  0%| F|  |TAMS 0x00000000a5900000, 0x00000000a5900000| Untracked 
|  90|0x00000000a5a00000, 0x00000000a5a00000, 0x00000000a5b00000|  0%| F|  |TAMS 0x00000000a5a00000, 0x00000000a5a00000| Untracked 
|  91|0x00000000a5b00000, 0x00000000a5b00000, 0x00000000a5c00000|  0%| F|  |TAMS 0x00000000a5b00000, 0x00000000a5b00000| Untracked 
|  92|0x00000000a5c00000, 0x00000000a5c00000, 0x00000000a5d00000|  0%| F|  |TAMS 0x00000000a5c00000, 0x00000000a5c00000| Untracked 
|  93|0x00000000a5d00000, 0x00000000a5d00000, 0x00000000a5e00000|  0%| F|  |TAMS 0x00000000a5d00000, 0x00000000a5d00000| Untracked 
|  94|0x00000000a5e00000, 0x00000000a5e00000, 0x00000000a5f00000|  0%| F|  |TAMS 0x00000000a5e00000, 0x00000000a5e00000| Untracked 
|  95|0x00000000a5f00000, 0x00000000a5f00000, 0x00000000a6000000|  0%| F|  |TAMS 0x00000000a5f00000, 0x00000000a5f00000| Untracked 
|  96|0x00000000a6000000, 0x00000000a6000000, 0x00000000a6100000|  0%| F|  |TAMS 0x00000000a6000000, 0x00000000a6000000| Untracked 
|  97|0x00000000a6100000, 0x00000000a61430b0, 0x00000000a6200000| 26%| S|CS|TAMS 0x00000000a6100000, 0x00000000a6100000| Complete 
|  98|0x00000000a6200000, 0x00000000a6200000, 0x00000000a6300000|  0%| F|  |TAMS 0x00000000a6200000, 0x00000000a6200000| Untracked 
|  99|0x00000000a6300000, 0x00000000a6300000, 0x00000000a6400000|  0%| F|  |TAMS 0x00000000a6300000, 0x00000000a6300000| Untracked 
| 100|0x00000000a6400000, 0x00000000a6400000, 0x00000000a6500000|  0%| F|  |TAMS 0x00000000a6400000, 0x00000000a6400000| Untracked 
| 101|0x00000000a6500000, 0x00000000a6500000, 0x00000000a6600000|  0%| F|  |TAMS 0x00000000a6500000, 0x00000000a6500000| Untracked 
| 102|0x00000000a6600000, 0x00000000a6700000, 0x00000000a6700000|100%| S|CS|TAMS 0x00000000a6600000, 0x00000000a6600000| Complete 
| 103|0x00000000a6700000, 0x00000000a6800000, 0x00000000a6800000|100%| S|CS|TAMS 0x00000000a6700000, 0x00000000a6700000| Complete 
| 104|0x00000000a6800000, 0x00000000a6800000, 0x00000000a6900000|  0%| F|  |TAMS 0x00000000a6800000, 0x00000000a6800000| Untracked 
| 105|0x00000000a6900000, 0x00000000a6900000, 0x00000000a6a00000|  0%| F|  |TAMS 0x00000000a6900000, 0x00000000a6900000| Untracked 
| 106|0x00000000a6a00000, 0x00000000a6a00000, 0x00000000a6b00000|  0%| F|  |TAMS 0x00000000a6a00000, 0x00000000a6a00000| Untracked 
| 107|0x00000000a6b00000, 0x00000000a6b00000, 0x00000000a6c00000|  0%| F|  |TAMS 0x00000000a6b00000, 0x00000000a6b00000| Untracked 
| 108|0x00000000a6c00000, 0x00000000a6c00000, 0x00000000a6d00000|  0%| F|  |TAMS 0x00000000a6c00000, 0x00000000a6c00000| Untracked 
| 109|0x00000000a6d00000, 0x00000000a6d00000, 0x00000000a6e00000|  0%| F|  |TAMS 0x00000000a6d00000, 0x00000000a6d00000| Untracked 
| 110|0x00000000a6e00000, 0x00000000a6e00000, 0x00000000a6f00000|  0%| F|  |TAMS 0x00000000a6e00000, 0x00000000a6e00000| Untracked 
| 111|0x00000000a6f00000, 0x00000000a6fa5288, 0x00000000a7000000| 64%| E|  |TAMS 0x00000000a6f00000, 0x00000000a6f00000| Complete 
| 112|0x00000000a7000000, 0x00000000a7100000, 0x00000000a7100000|100%| E|CS|TAMS 0x00000000a7000000, 0x00000000a7000000| Complete 
| 113|0x00000000a7100000, 0x00000000a7200000, 0x00000000a7200000|100%| E|CS|TAMS 0x00000000a7100000, 0x00000000a7100000| Complete 
| 114|0x00000000a7200000, 0x00000000a7300000, 0x00000000a7300000|100%| E|CS|TAMS 0x00000000a7200000, 0x00000000a7200000| Complete 
| 115|0x00000000a7300000, 0x00000000a7400000, 0x00000000a7400000|100%| E|CS|TAMS 0x00000000a7300000, 0x00000000a7300000| Complete 
| 116|0x00000000a7400000, 0x00000000a7500000, 0x00000000a7500000|100%| E|CS|TAMS 0x00000000a7400000, 0x00000000a7400000| Complete 
| 117|0x00000000a7500000, 0x00000000a7600000, 0x00000000a7600000|100%| E|CS|TAMS 0x00000000a7500000, 0x00000000a7500000| Complete 
| 118|0x00000000a7600000, 0x00000000a7700000, 0x00000000a7700000|100%| E|CS|TAMS 0x00000000a7600000, 0x00000000a7600000| Complete 
| 119|0x00000000a7700000, 0x00000000a7800000, 0x00000000a7800000|100%| E|CS|TAMS 0x00000000a7700000, 0x00000000a7700000| Complete 
| 120|0x00000000a7800000, 0x00000000a7900000, 0x00000000a7900000|100%| E|CS|TAMS 0x00000000a7800000, 0x00000000a7800000| Complete 
| 121|0x00000000a7900000, 0x00000000a7a00000, 0x00000000a7a00000|100%| E|CS|TAMS 0x00000000a7900000, 0x00000000a7900000| Complete 
| 122|0x00000000a7a00000, 0x00000000a7b00000, 0x00000000a7b00000|100%| E|CS|TAMS 0x00000000a7a00000, 0x00000000a7a00000| Complete 
| 123|0x00000000a7b00000, 0x00000000a7c00000, 0x00000000a7c00000|100%| E|CS|TAMS 0x00000000a7b00000, 0x00000000a7b00000| Complete 
| 124|0x00000000a7c00000, 0x00000000a7d00000, 0x00000000a7d00000|100%| E|CS|TAMS 0x00000000a7c00000, 0x00000000a7c00000| Complete 
| 125|0x00000000a7d00000, 0x00000000a7e00000, 0x00000000a7e00000|100%| E|CS|TAMS 0x00000000a7d00000, 0x00000000a7d00000| Complete 
| 126|0x00000000a7e00000, 0x00000000a7f00000, 0x00000000a7f00000|100%| E|CS|TAMS 0x00000000a7e00000, 0x00000000a7e00000| Complete 
| 127|0x00000000a7f00000, 0x00000000a8000000, 0x00000000a8000000|100%| E|CS|TAMS 0x00000000a7f00000, 0x00000000a7f00000| Complete 

Card table byte_map: [0x000002417d2f0000,0x000002417d5f0000] _byte_map_base: 0x000002417cdf0000

Marking Bits (Prev, Next): (CMBitMap*) 0x000002417cc24438, (CMBitMap*) 0x000002417cc24470
 Prev Bits: [0x000002417d8f0000, 0x000002417f0f0000)
 Next Bits: [0x0000024112a40000, 0x0000024114240000)

Polling page: 0x000002417abe0000

Metaspace:

Usage:
  Non-class:     76.64 MB capacity,    75.07 MB ( 98%) used,     1.32 MB (  2%) free+waste,   258.38 KB ( <1%) overhead. 
      Class:     12.24 MB capacity,    11.32 MB ( 92%) used,   828.13 KB (  7%) free+waste,   120.06 KB ( <1%) overhead. 
       Both:     88.89 MB capacity,    86.39 MB ( 97%) used,     2.13 MB (  2%) free+waste,   378.44 KB ( <1%) overhead. 

Virtual space:
  Non-class space:       78.00 MB reserved,      76.70 MB ( 98%) committed 
      Class space:        1.00 GB reserved,      12.34 MB (  1%) committed 
             Both:        1.08 GB reserved,      89.04 MB (  8%) committed 

Chunk freelists:
   Non-Class:  0 bytes
       Class:  6.00 KB
        Both:  6.00 KB

MaxMetaspaceSize: 17179869184.00 GB
CompressedClassSpaceSize: 1.00 GB
Initial GC threshold: 20.80 MB
Current GC threshold: 145.90 MB
CDS: off

CodeHeap 'non-profiled nmethods': size=120000Kb used=4493Kb max_used=4493Kb free=115506Kb
 bounds [0x000002410b510000, 0x000002410b980000, 0x0000024112a40000]
CodeHeap 'profiled nmethods': size=120000Kb used=20042Kb max_used=20042Kb free=99958Kb
 bounds [0x0000024103fe0000, 0x0000024105380000, 0x000002410b510000]
CodeHeap 'non-nmethods': size=5760Kb used=2376Kb max_used=2421Kb free=3383Kb
 bounds [0x0000024103a40000, 0x0000024103cc0000, 0x0000024103fe0000]
 total_blobs=10302 nmethods=9402 adapters=812
 compilation: enabled
              stopped_count=0, restarted_count=0
 full_count=0

Compilation events (20 events):
Event: 84.620 Thread 0x0000024116a8c000 nmethod 9278 0x000002410b971610 code [0x000002410b9717a0, 0x000002410b971838]
Event: 85.194 Thread 0x0000024116a8c000 9699       4       java.util.concurrent.locks.AbstractQueuedSynchronizer$ConditionObject::addConditionWaiter (79 bytes)
Event: 85.212 Thread 0x0000024116a8c000 nmethod 9699 0x000002410b971910 code [0x000002410b971ac0, 0x000002410b972098]
Event: 85.371 Thread 0x0000024116a91000 9700       1       org.gradle.launcher.daemon.server.health.gc.GarbageCollectionEvent::getUsage (5 bytes)
Event: 85.372 Thread 0x0000024116a91000 nmethod 9700 0x000002410b972210 code [0x000002410b9723c0, 0x000002410b972478]
Event: 85.414 Thread 0x0000024116a91000 9701       3       javax.management.ObjectName::isPropertyListPattern (16 bytes)
Event: 85.415 Thread 0x0000024116a91000 nmethod 9701 0x000002410536fd10 code [0x000002410536fec0, 0x0000024105370018]
Event: 91.568 Thread 0x0000024116a8c000 9702       4       org.gradle.internal.logging.text.AbstractLineChoppingStyledTextOutput$1::execute (9 bytes)
Event: 91.568 Thread 0x0000024116a91000 9703       3       org.gradle.internal.io.LineBufferingOutputStream::write (59 bytes)
Event: 91.571 Thread 0x0000024116a91000 nmethod 9703 0x0000024105370090 code [0x0000024105370360, 0x0000024105371138]
Event: 91.571 Thread 0x0000024116a91000 9707       3       org.gradle.internal.io.StreamByteBuffer$StreamByteBufferChunk::write (32 bytes)
Event: 91.572 Thread 0x0000024116a91000 nmethod 9707 0x0000024105371690 code [0x0000024105371840, 0x00000241053719d8]
Event: 91.572 Thread 0x0000024116a91000 9708       3       org.gradle.internal.io.LineBufferingOutputStream::endsWithLineSeparator (27 bytes)
Event: 91.572 Thread 0x0000024116a91000 nmethod 9708 0x0000024105371a90 code [0x0000024105371c40, 0x0000024105371dd8]
Event: 91.572 Thread 0x0000024116a91000 9704       3       org.gradle.internal.io.StreamByteBuffer$StreamByteBufferOutputStream::write (22 bytes)
Event: 91.573 Thread 0x0000024116a91000 nmethod 9704 0x0000024105371e90 code [0x0000024105372060, 0x00000241053722c8]
Event: 91.590 Thread 0x0000024116a91000 9711       3       java.nio.Buffer::discardMark (6 bytes)
Event: 91.591 Thread 0x0000024116a91000 nmethod 9711 0x0000024105372490 code [0x0000024105372640, 0x0000024105372738]
Event: 91.594 Thread 0x0000024116a8c000 nmethod 9702 0x000002410b972510 code [0x000002410b972720, 0x000002410b972ef0]
Event: 91.595 Thread 0x0000024116a8c000 9705       4       org.gradle.internal.logging.text.AbstractLineChoppingStyledTextOutput::doAppend (43 bytes)

GC Heap History (20 events):
Event: 72.484 GC heap before
{Heap before GC invocations=17 (full 0):
 garbage-first heap   total 131072K, used 104738K [0x00000000a0000000, 0x0000000100000000)
  region size 1024K, 40 young (40960K), 4 survivors (4096K)
 Metaspace       used 69532K, capacity 71522K, committed 71848K, reserved 1112064K
  class space    used 8817K, capacity 9582K, committed 9688K, reserved 1048576K
}
Event: 72.501 GC heap after
{Heap after GC invocations=18 (full 0):
 garbage-first heap   total 131072K, used 69168K [0x00000000a0000000, 0x0000000100000000)
  region size 1024K, 2 young (2048K), 2 survivors (2048K)
 Metaspace       used 69532K, capacity 71522K, committed 71848K, reserved 1112064K
  class space    used 8817K, capacity 9582K, committed 9688K, reserved 1048576K
}
Event: 73.242 GC heap before
{Heap before GC invocations=19 (full 0):
 garbage-first heap   total 131072K, used 105008K [0x00000000a0000000, 0x0000000100000000)
  region size 1024K, 38 young (38912K), 2 survivors (2048K)
 Metaspace       used 69984K, capacity 72083K, committed 72360K, reserved 1112064K
  class space    used 8866K, capacity 9641K, committed 9688K, reserved 1048576K
}
Event: 73.252 GC heap after
{Heap after GC invocations=20 (full 0):
 garbage-first heap   total 131072K, used 70979K [0x00000000a0000000, 0x0000000100000000)
  region size 1024K, 4 young (4096K), 4 survivors (4096K)
 Metaspace       used 69984K, capacity 72083K, committed 72360K, reserved 1112064K
  class space    used 8866K, capacity 9641K, committed 9688K, reserved 1048576K
}
Event: 74.907 GC heap before
{Heap before GC invocations=20 (full 0):
 garbage-first heap   total 131072K, used 106819K [0x00000000a0000000, 0x0000000100000000)
  region size 1024K, 39 young (39936K), 4 survivors (4096K)
 Metaspace       used 73575K, capacity 75680K, committed 75816K, reserved 1114112K
  class space    used 9494K, capacity 10263K, committed 10328K, reserved 1048576K
}
Event: 74.926 GC heap after
{Heap after GC invocations=21 (full 0):
 garbage-first heap   total 131072K, used 72689K [0x00000000a0000000, 0x0000000100000000)
  region size 1024K, 2 young (2048K), 2 survivors (2048K)
 Metaspace       used 73575K, capacity 75680K, committed 75816K, reserved 1114112K
  class space    used 9494K, capacity 10263K, committed 10328K, reserved 1048576K
}
Event: 76.607 GC heap before
{Heap before GC invocations=22 (full 0):
 garbage-first heap   total 131072K, used 107505K [0x00000000a0000000, 0x0000000100000000)
  region size 1024K, 36 young (36864K), 2 survivors (2048K)
 Metaspace       used 76309K, capacity 78393K, committed 78504K, reserved 1118208K
  class space    used 9871K, capacity 10640K, committed 10712K, reserved 1048576K
}
Event: 76.617 GC heap after
{Heap after GC invocations=23 (full 0):
 garbage-first heap   total 131072K, used 74942K [0x00000000a0000000, 0x0000000100000000)
  region size 1024K, 4 young (4096K), 4 survivors (4096K)
 Metaspace       used 76309K, capacity 78393K, committed 78504K, reserved 1118208K
  class space    used 9871K, capacity 10640K, committed 10712K, reserved 1048576K
}
Event: 77.478 GC heap before
{Heap before GC invocations=23 (full 0):
 garbage-first heap   total 131072K, used 108734K [0x00000000a0000000, 0x0000000100000000)
  region size 1024K, 37 young (37888K), 4 survivors (4096K)
 Metaspace       used 77322K, capacity 79496K, committed 79784K, reserved 1118208K
  class space    used 10046K, capacity 10837K, committed 10968K, reserved 1048576K
}
Event: 77.503 GC heap after
{Heap after GC invocations=24 (full 0):
 garbage-first heap   total 131072K, used 77999K [0x00000000a0000000, 0x0000000100000000)
  region size 1024K, 5 young (5120K), 5 survivors (5120K)
 Metaspace       used 77322K, capacity 79496K, committed 79784K, reserved 1118208K
  class space    used 10046K, capacity 10837K, committed 10968K, reserved 1048576K
}
Event: 78.706 GC heap before
{Heap before GC invocations=25 (full 0):
 garbage-first heap   total 131072K, used 109743K [0x00000000a0000000, 0x0000000100000000)
  region size 1024K, 36 young (36864K), 5 survivors (5120K)
 Metaspace       used 79380K, capacity 81670K, committed 81960K, reserved 1120256K
  class space    used 10341K, capacity 11231K, committed 11352K, reserved 1048576K
}
Event: 78.722 GC heap after
{Heap after GC invocations=26 (full 0):
 garbage-first heap   total 131072K, used 80606K [0x00000000a0000000, 0x0000000100000000)
  region size 1024K, 3 young (3072K), 3 survivors (3072K)
 Metaspace       used 79380K, capacity 81670K, committed 81960K, reserved 1120256K
  class space    used 10341K, capacity 11231K, committed 11352K, reserved 1048576K
}
Event: 79.840 GC heap before
{Heap before GC invocations=26 (full 0):
 garbage-first heap   total 131072K, used 109278K [0x00000000a0000000, 0x0000000100000000)
  region size 1024K, 31 young (31744K), 3 survivors (3072K)
 Metaspace       used 81891K, capacity 84167K, committed 84264K, reserved 1122304K
  class space    used 10700K, capacity 11584K, committed 11608K, reserved 1048576K
}
Event: 79.854 GC heap after
{Heap after GC invocations=27 (full 0):
 garbage-first heap   total 131072K, used 82374K [0x00000000a0000000, 0x0000000100000000)
  region size 1024K, 2 young (2048K), 2 survivors (2048K)
 Metaspace       used 81891K, capacity 84167K, committed 84264K, reserved 1122304K
  class space    used 10700K, capacity 11584K, committed 11608K, reserved 1048576K
}
Event: 81.303 GC heap before
{Heap before GC invocations=28 (full 0):
 garbage-first heap   total 131072K, used 111046K [0x00000000a0000000, 0x0000000100000000)
  region size 1024K, 30 young (30720K), 2 survivors (2048K)
 Metaspace       used 85309K, capacity 87680K, committed 87848K, reserved 1124352K
  class space    used 11168K, capacity 12060K, committed 12120K, reserved 1048576K
}
Event: 81.315 GC heap after
{Heap after GC invocations=29 (full 0):
 garbage-first heap   total 131072K, used 84150K [0x00000000a0000000, 0x0000000100000000)
  region size 1024K, 4 young (4096K), 4 survivors (4096K)
 Metaspace       used 85309K, capacity 87680K, committed 87848K, reserved 1124352K
  class space    used 11168K, capacity 12060K, committed 12120K, reserved 1048576K
}
Event: 82.313 GC heap before
{Heap before GC invocations=29 (full 0):
 garbage-first heap   total 131072K, used 110774K [0x00000000a0000000, 0x0000000100000000)
  region size 1024K, 30 young (30720K), 4 survivors (4096K)
 Metaspace       used 86663K, capacity 89092K, committed 89384K, reserved 1126400K
  class space    used 11315K, capacity 12245K, committed 12376K, reserved 1048576K
}
Event: 82.326 GC heap after
{Heap after GC invocations=30 (full 0):
 garbage-first heap   total 131072K, used 86711K [0x00000000a0000000, 0x0000000100000000)
  region size 1024K, 4 young (4096K), 4 survivors (4096K)
 Metaspace       used 86663K, capacity 89092K, committed 89384K, reserved 1126400K
  class space    used 11315K, capacity 12245K, committed 12376K, reserved 1048576K
}
Event: 83.696 GC heap before
{Heap before GC invocations=31 (full 0):
 garbage-first heap   total 131072K, used 110263K [0x00000000a0000000, 0x0000000100000000)
  region size 1024K, 28 young (28672K), 4 survivors (4096K)
 Metaspace       used 87920K, capacity 90460K, committed 90536K, reserved 1128448K
  class space    used 11501K, capacity 12457K, committed 12504K, reserved 1048576K
}
Event: 83.712 GC heap after
{Heap after GC invocations=32 (full 0):
 garbage-first heap   total 131072K, used 89129K [0x00000000a0000000, 0x0000000100000000)
  region size 1024K, 3 young (3072K), 3 survivors (3072K)
 Metaspace       used 87920K, capacity 90460K, committed 90536K, reserved 1128448K
  class space    used 11501K, capacity 12457K, committed 12504K, reserved 1048576K
}

Deoptimization events (20 events):
Event: 84.134 Thread 0x0000024119037800 DEOPT PACKING pc=0x000002410517ffbb sp=0x00000093ce9fb900
Event: 84.134 Thread 0x0000024119037800 DEOPT UNPACKING pc=0x0000024103a8a95e sp=0x00000093ce9fae40 mode 0
Event: 84.137 Thread 0x0000024119037800 DEOPT PACKING pc=0x000002410517ffbb sp=0x00000093ce9fb900
Event: 84.137 Thread 0x0000024119037800 DEOPT UNPACKING pc=0x0000024103a8a95e sp=0x00000093ce9fae40 mode 0
Event: 84.139 Thread 0x0000024119037800 DEOPT PACKING pc=0x000002410517ffbb sp=0x00000093ce9fb900
Event: 84.140 Thread 0x0000024119037800 DEOPT UNPACKING pc=0x0000024103a8a95e sp=0x00000093ce9fae40 mode 0
Event: 84.143 Thread 0x0000024119037800 DEOPT PACKING pc=0x000002410517ffbb sp=0x00000093ce9fb900
Event: 84.143 Thread 0x0000024119037800 DEOPT UNPACKING pc=0x0000024103a8a95e sp=0x00000093ce9fae40 mode 0
Event: 84.145 Thread 0x0000024119037800 DEOPT PACKING pc=0x000002410517ffbb sp=0x00000093ce9fb8f0
Event: 84.145 Thread 0x0000024119037800 DEOPT UNPACKING pc=0x0000024103a8a95e sp=0x00000093ce9fae30 mode 0
Event: 84.148 Thread 0x0000024119037800 DEOPT PACKING pc=0x000002410517ffbb sp=0x00000093ce9fb8f0
Event: 84.148 Thread 0x0000024119037800 DEOPT UNPACKING pc=0x0000024103a8a95e sp=0x00000093ce9fae30 mode 0
Event: 84.151 Thread 0x0000024119037800 DEOPT PACKING pc=0x000002410517ffbb sp=0x00000093ce9fb8f0
Event: 84.151 Thread 0x0000024119037800 DEOPT UNPACKING pc=0x0000024103a8a95e sp=0x00000093ce9fae30 mode 0
Event: 84.154 Thread 0x0000024119037800 DEOPT PACKING pc=0x000002410517ffbb sp=0x00000093ce9fb8f0
Event: 84.154 Thread 0x0000024119037800 DEOPT UNPACKING pc=0x0000024103a8a95e sp=0x00000093ce9fae30 mode 0
Event: 84.156 Thread 0x0000024119037800 DEOPT PACKING pc=0x000002410517ffbb sp=0x00000093ce9fb8f0
Event: 84.156 Thread 0x0000024119037800 DEOPT UNPACKING pc=0x0000024103a8a95e sp=0x00000093ce9fae30 mode 0
Event: 84.325 Thread 0x0000024119037800 DEOPT PACKING pc=0x0000024104c5cad6 sp=0x00000093ce9f9f70
Event: 84.326 Thread 0x0000024119037800 DEOPT UNPACKING pc=0x0000024103a8a95e sp=0x00000093ce9f9510 mode 0

Classes redefined (0 events):
No events

Internal exceptions (20 events):
Event: 84.345 Thread 0x0000024119037800 Exception <a 'java/lang/ClassNotFoundException'{0x00000000a74e7e18}: org/gradle/process/internal/DefaultExecAction_DecoratedBeanInfo> (0x00000000a74e7e18) thrown at [./src/hotspot/share/classfile/systemDictionary.cpp, line 231]
Event: 84.347 Thread 0x0000024119037800 Exception <a 'java/lang/ClassNotFoundException'{0x00000000a731b998}: org/gradle/process/internal/DefaultExecActionBeanInfo> (0x00000000a731b998) thrown at [./src/hotspot/share/classfile/systemDictionary.cpp, line 231]
Event: 84.350 Thread 0x0000024119037800 Exception <a 'java/lang/ClassNotFoundException'{0x00000000a73526b0}: org/gradle/process/internal/DefaultExecHandleBuilderBeanInfo> (0x00000000a73526b0) thrown at [./src/hotspot/share/classfile/systemDictionary.cpp, line 231]
Event: 84.352 Thread 0x0000024119037800 Exception <a 'java/lang/ClassNotFoundException'{0x00000000a7389a88}: org/gradle/process/internal/AbstractExecHandleBuilderBeanInfo> (0x00000000a7389a88) thrown at [./src/hotspot/share/classfile/systemDictionary.cpp, line 231]
Event: 84.354 Thread 0x0000024119037800 Exception <a 'java/lang/ClassNotFoundException'{0x00000000a73c1960}: org/gradle/process/internal/DefaultProcessForkOptionsBeanInfo> (0x00000000a73c1960) thrown at [./src/hotspot/share/classfile/systemDictionary.cpp, line 231]
Event: 84.357 Thread 0x0000024119037800 Exception <a 'java/lang/ClassNotFoundException'{0x00000000a73f9620}: org/gradle/process/internal/DefaultProcessForkOptionsCustomizer> (0x00000000a73f9620) thrown at [./src/hotspot/share/classfile/systemDictionary.cpp, line 231]
Event: 84.363 Thread 0x0000024119037800 Exception <a 'java/lang/ClassNotFoundException'{0x00000000a723e760}: org/gradle/process/internal/AbstractExecHandleBuilderCustomizer> (0x00000000a723e760) thrown at [./src/hotspot/share/classfile/systemDictionary.cpp, line 231]
Event: 84.366 Thread 0x0000024119037800 Exception <a 'java/lang/ClassNotFoundException'{0x00000000a72878f8}: org/gradle/process/internal/DefaultExecHandleBuilderCustomizer> (0x00000000a72878f8) thrown at [./src/hotspot/share/classfile/systemDictionary.cpp, line 231]
Event: 84.371 Thread 0x0000024119037800 Exception <a 'java/lang/ClassNotFoundException'{0x00000000a72e7ce8}: org/gradle/process/internal/DefaultExecActionCustomizer> (0x00000000a72e7ce8) thrown at [./src/hotspot/share/classfile/systemDictionary.cpp, line 231]
Event: 84.373 Thread 0x0000024119037800 Exception <a 'java/lang/ClassNotFoundException'{0x00000000a7128998}: org/gradle/process/internal/DefaultExecAction_DecoratedCustomizer> (0x00000000a7128998) thrown at [./src/hotspot/share/classfile/systemDictionary.cpp, line 231]
Event: 84.380 Thread 0x0000024119037800 Exception <a 'java/lang/ClassNotFoundException'{0x00000000a7185c00}: org/gradle/api/logging/LogLevelBeanInfo> (0x00000000a7185c00) thrown at [./src/hotspot/share/classfile/systemDictionary.cpp, line 231]
Event: 84.382 Thread 0x0000024119037800 Exception <a 'java/lang/ClassNotFoundException'{0x00000000a71b3988}: org/gradle/api/logging/LogLevelCustomizer> (0x00000000a71b3988) thrown at [./src/hotspot/share/classfile/systemDictionary.cpp, line 231]
Event: 84.393 Thread 0x0000024119037800 Exception <a 'java/lang/ClassNotFoundException'{0x00000000a702cb78}: org/gradle/internal/logging/services/DefaultLoggingManagerBeanInfo> (0x00000000a702cb78) thrown at [./src/hotspot/share/classfile/systemDictionary.cpp, line 231]
Event: 84.395 Thread 0x0000024119037800 Exception <a 'java/lang/ClassNotFoundException'{0x00000000a7065820}: org/gradle/internal/logging/services/DefaultLoggingManagerCustomizer> (0x00000000a7065820) thrown at [./src/hotspot/share/classfile/systemDictionary.cpp, line 231]
Event: 84.405 Thread 0x0000024119037800 Exception <a 'java/lang/ClassNotFoundException'{0x00000000a70a2cc8}: java/lang/BooleanBeanInfo> (0x00000000a70a2cc8) thrown at [./src/hotspot/share/classfile/systemDictionary.cpp, line 231]
Event: 84.405 Thread 0x0000024119037800 Exception <a 'java/lang/ClassNotFoundException'{0x00000000a70afdf8}: java/lang/BooleanCustomizer> (0x00000000a70afdf8) thrown at [./src/hotspot/share/classfile/systemDictionary.cpp, line 231]
Event: 84.471 Thread 0x000002411903e800 Exception <a 'java/lang/NoSuchMethodError'{0x00000000a6f22e70}: 'void java.lang.invoke.DirectMethodHandle$Holder.invokeStatic(java.lang.Object, long)'> (0x00000000a6f22e70) thrown at [./src/hotspot/share/interpreter/linkResolver.cpp, line 773]
Event: 84.472 Thread 0x000002411903e800 Exception <a 'java/lang/NoSuchMethodError'{0x00000000a6f27de0}: 'java.lang.Object java.lang.invoke.DirectMethodHandle$Holder.invokeStatic(java.lang.Object, long)'> (0x00000000a6f27de0) thrown at [./src/hotspot/share/interpreter/linkResolver.cpp, line 773]
Event: 84.473 Thread 0x000002411903e800 Exception <a 'java/lang/NoSuchMethodError'{0x00000000a6f2b108}: 'java.lang.Object java.lang.invoke.DirectMethodHandle$Holder.invokeSpecial(java.lang.Object, java.lang.Object, long)'> (0x00000000a6f2b108) thrown at [./src/hotspot/share/interpreter/linkResolver.cpp, line 773]
Event: 84.479 Thread 0x000002411903e800 Exception <a 'java/lang/NoSuchMethodError'{0x00000000a6f35f28}: 'java.lang.Object java.lang.invoke.DirectMethodHandle$Holder.invokeStaticInit(java.lang.Object, java.lang.Object, long, java.lang.Object)'> (0x00000000a6f35f28) thrown at [./src/hotspot/share/interpreter/linkResolver.cpp, line 773]

Events (20 events):
Event: 84.481 loading class java/lang/ProcessImpl$2
Event: 84.481 loading class java/lang/ProcessImpl$2 done
Event: 84.481 loading class java/lang/Process$PipeInputStream
Event: 84.481 loading class java/lang/Process$PipeInputStream done
Event: 84.481 Executing VM operation: Deoptimize
Event: 84.484 Executing VM operation: Deoptimize done
Event: 84.484 loading class org/gradle/process/internal/streams/ExecOutputHandleRunner
Event: 84.484 loading class org/gradle/process/internal/streams/ExecOutputHandleRunner done
Event: 84.486 Thread 0x000002411903d000 Thread added: 0x000002411903d000
Event: 84.486 Thread 0x000002411903c000 Thread added: 0x000002411903c000
Event: 91.560 loading class org/gradle/internal/logging/events/StyledTextOutputEvent$Span
Event: 91.560 loading class org/gradle/internal/logging/events/StyledTextOutputEvent$Span done
Event: 91.562 loading class org/gradle/internal/logging/events/operations/StyledTextBuildOperationProgressDetails$Span
Event: 91.562 loading class org/gradle/internal/logging/events/operations/StyledTextBuildOperationProgressDetails$Span done
Event: 91.563 loading class org/gradle/internal/operations/logging/StyledTextBuildOperationProgressDetails$Span
Event: 91.563 loading class org/gradle/internal/operations/logging/StyledTextBuildOperationProgressDetails$Span done
Event: 91.563 Executing VM operation: RevokeBias
Event: 91.564 Executing VM operation: RevokeBias done
Event: 91.564 Executing VM operation: RevokeBias
Event: 91.565 Executing VM operation: RevokeBias done


Dynamic libraries:
0x00007ff73c4f0000 - 0x00007ff73c4fa000 	C:\Program Files\Android\Android Studio\jre\bin\java.exe
0x00007ffbae810000 - 0x00007ffbaea24000 	C:\WINDOWS\SYSTEM32\ntdll.dll
0x00007ffbadea0000 - 0x00007ffbadf64000 	C:\WINDOWS\System32\KERNEL32.DLL
0x00007ffbabdd0000 - 0x00007ffbac174000 	C:\WINDOWS\System32\KERNELBASE.dll
0x00007ffbac270000 - 0x00007ffbac381000 	C:\WINDOWS\System32\ucrtbase.dll
0x00007ffb77900000 - 0x00007ffb77917000 	C:\Program Files\Android\Android Studio\jre\bin\VCRUNTIME140.dll
0x00007ffb7eac0000 - 0x00007ffb7ead9000 	C:\Program Files\Android\Android Studio\jre\bin\jli.dll
0x00007ffbac5a0000 - 0x00007ffbac74e000 	C:\WINDOWS\System32\USER32.dll
0x00007ffb8f190000 - 0x00007ffb8f423000 	C:\WINDOWS\WinSxS\amd64_microsoft.windows.common-controls_6595b64144ccf1df_6.0.22621.2215_none_270d72677387dfc3\COMCTL32.dll
0x00007ffbabbc0000 - 0x00007ffbabbe6000 	C:\WINDOWS\System32\win32u.dll
0x00007ffbae4a0000 - 0x00007ffbae547000 	C:\WINDOWS\System32\msvcrt.dll
0x00007ffbae5e0000 - 0x00007ffbae609000 	C:\WINDOWS\System32\GDI32.dll
0x00007ffbabcb0000 - 0x00007ffbabdc8000 	C:\WINDOWS\System32\gdi32full.dll
0x00007ffbac500000 - 0x00007ffbac59a000 	C:\WINDOWS\System32\msvcp_win.dll
0x00007ffbae220000 - 0x00007ffbae251000 	C:\WINDOWS\System32\IMM32.DLL
0x00007ffb62eb0000 - 0x00007ffb62f4d000 	C:\Program Files\Android\Android Studio\jre\bin\msvcp140.dll
0x00007ffb1e0a0000 - 0x00007ffb1eba2000 	C:\Program Files\Android\Android Studio\jre\bin\server\jvm.dll
0x00007ffbae2e0000 - 0x00007ffbae390000 	C:\WINDOWS\System32\ADVAPI32.dll
0x00007ffbae390000 - 0x00007ffbae436000 	C:\WINDOWS\System32\sechost.dll
0x00007ffbadb90000 - 0x00007ffbadca7000 	C:\WINDOWS\System32\RPCRT4.dll
0x00007ffbac7c0000 - 0x00007ffbac7c8000 	C:\WINDOWS\System32\PSAPI.DLL
0x00007ffb8c410000 - 0x00007ffb8c419000 	C:\WINDOWS\SYSTEM32\WSOCK32.dll
0x00007ffba4610000 - 0x00007ffba4644000 	C:\WINDOWS\SYSTEM32\WINMM.dll
0x00007ffbae260000 - 0x00007ffbae2d1000 	C:\WINDOWS\System32\WS2_32.dll
0x00007ffba31b0000 - 0x00007ffba31ba000 	C:\WINDOWS\SYSTEM32\VERSION.dll
0x00007ffbaab80000 - 0x00007ffbaab98000 	C:\WINDOWS\SYSTEM32\kernel.appcore.dll
0x00007ffb94060000 - 0x00007ffb94071000 	C:\Program Files\Android\Android Studio\jre\bin\verify.dll
0x00007ffba8b50000 - 0x00007ffba8d7e000 	C:\WINDOWS\SYSTEM32\DBGHELP.DLL
0x00007ffbac7d0000 - 0x00007ffbacb5a000 	C:\WINDOWS\System32\combase.dll
0x00007ffbadf70000 - 0x00007ffbae047000 	C:\WINDOWS\System32\OLEAUT32.dll
0x00007ffb7c0b0000 - 0x00007ffb7c0e2000 	C:\WINDOWS\SYSTEM32\dbgcore.DLL
0x00007ffbac180000 - 0x00007ffbac1fa000 	C:\WINDOWS\System32\bcryptPrimitives.dll
0x00007ffb77540000 - 0x00007ffb77569000 	C:\Program Files\Android\Android Studio\jre\bin\java.dll
0x00007ffb926a0000 - 0x00007ffb926ab000 	C:\Program Files\Android\Android Studio\jre\bin\jimage.dll
0x00007ffb8d5b0000 - 0x00007ffb8d5c8000 	C:\Program Files\Android\Android Studio\jre\bin\zip.dll
0x00007ffbacb60000 - 0x00007ffbad383000 	C:\WINDOWS\System32\SHELL32.dll
0x00007ffba9b00000 - 0x00007ffbaa3ea000 	C:\WINDOWS\SYSTEM32\windows.storage.dll
0x00007ffba99c0000 - 0x00007ffba9afe000 	C:\WINDOWS\SYSTEM32\wintypes.dll
0x00007ffbad980000 - 0x00007ffbada73000 	C:\WINDOWS\System32\SHCORE.dll
0x00007ffbadb30000 - 0x00007ffbadb8e000 	C:\WINDOWS\System32\shlwapi.dll
0x00007ffbabaf0000 - 0x00007ffbabb16000 	C:\WINDOWS\SYSTEM32\profapi.dll
0x00007ffb8d4f0000 - 0x00007ffb8d50a000 	C:\Program Files\Android\Android Studio\jre\bin\net.dll
0x00007ffba3330000 - 0x00007ffba3467000 	C:\WINDOWS\SYSTEM32\WINHTTP.dll
0x00007ffbab050000 - 0x00007ffbab0b9000 	C:\WINDOWS\system32\mswsock.dll
0x00007ffb746c0000 - 0x00007ffb746d4000 	C:\Program Files\Android\Android Studio\jre\bin\nio.dll
0x00007ffb70390000 - 0x00007ffb703b7000 	C:\Users\anatr\.gradle\native\e1d6ef7f7dcc3fd88c89a11ec53ec762bb8ba0a96d01ffa2cd45eb1d1d8dd5c5\windows-amd64\native-platform.dll
0x00007ffb4c1d0000 - 0x00007ffb4c314000 	C:\Users\anatr\.gradle\native\0d407fdbe67a94daf76414ababcb853783967236a71b16ec16e742cd7a986fd3\windows-amd64\native-platform-file-events.dll
0x00007ffb90700000 - 0x00007ffb9070a000 	C:\Program Files\Android\Android Studio\jre\bin\management.dll
0x00007ffb902f0000 - 0x00007ffb902fd000 	C:\Program Files\Android\Android Studio\jre\bin\management_ext.dll
0x00007ffbab2e0000 - 0x00007ffbab2fb000 	C:\WINDOWS\SYSTEM32\CRYPTSP.dll
0x00007ffbaab40000 - 0x00007ffbaab75000 	C:\WINDOWS\system32\rsaenh.dll
0x00007ffbab160000 - 0x00007ffbab18c000 	C:\WINDOWS\SYSTEM32\USERENV.dll
0x00007ffbab480000 - 0x00007ffbab4a8000 	C:\WINDOWS\SYSTEM32\bcrypt.dll
0x00007ffbab300000 - 0x00007ffbab30c000 	C:\WINDOWS\SYSTEM32\CRYPTBASE.dll
0x00007ffbaa650000 - 0x00007ffbaa67d000 	C:\WINDOWS\SYSTEM32\IPHLPAPI.DLL
0x00007ffbadcc0000 - 0x00007ffbadcc9000 	C:\WINDOWS\System32\NSI.dll
0x00007ffba3310000 - 0x00007ffba3329000 	C:\WINDOWS\SYSTEM32\dhcpcsvc6.DLL
0x00007ffba32f0000 - 0x00007ffba330f000 	C:\WINDOWS\SYSTEM32\dhcpcsvc.DLL
0x00007ffbaa6c0000 - 0x00007ffbaa7b2000 	C:\WINDOWS\SYSTEM32\DNSAPI.dll

dbghelp: loaded successfully - version: 4.0.5 - missing functions: none
symbol engine: initialized successfully - sym options: 0x614 - pdb path: .;C:\Program Files\Android\Android Studio\jre\bin;C:\WINDOWS\SYSTEM32;C:\WINDOWS\WinSxS\amd64_microsoft.windows.common-controls_6595b64144ccf1df_6.0.22621.2215_none_270d72677387dfc3;C:\Program Files\Android\Android Studio\jre\bin\server;C:\Users\anatr\.gradle\native\e1d6ef7f7dcc3fd88c89a11ec53ec762bb8ba0a96d01ffa2cd45eb1d1d8dd5c5\windows-amd64;C:\Users\anatr\.gradle\native\0d407fdbe67a94daf76414ababcb853783967236a71b16ec16e742cd7a986fd3\windows-amd64

VM Arguments:
jvm_args: --add-opens=java.base/java.util=ALL-UNNAMED --add-opens=java.base/java.lang=ALL-UNNAMED --add-opens=java.base/java.lang.invoke=ALL-UNNAMED --add-opens=java.base/java.util=ALL-UNNAMED --add-opens=java.prefs/java.util.prefs=ALL-UNNAMED --add-opens=java.prefs/java.util.prefs=ALL-UNNAMED --add-opens=java.base/java.nio.charset=ALL-UNNAMED --add-opens=java.base/java.net=ALL-UNNAMED --add-opens=java.base/java.util.concurrent.atomic=ALL-UNNAMED -Xmx1536M -Dfile.encoding=windows-1252 -Duser.country=CA -Duser.language=en -Duser.variant 
java_command: org.gradle.launcher.daemon.bootstrap.GradleDaemon 7.5
java_class_path (initial): C:\Users\anatr\.gradle\wrapper\dists\gradle-7.5-all\6qsw290k5lz422uaf8jf6m7co\gradle-7.5\lib\gradle-launcher-7.5.jar
Launcher Type: SUN_STANDARD

[Global flags]
     intx CICompilerCount                          = 4                                         {product} {ergonomic}
     uint ConcGCThreads                            = 2                                         {product} {ergonomic}
     uint G1ConcRefinementThreads                  = 8                                         {product} {ergonomic}
   size_t G1HeapRegionSize                         = 1048576                                   {product} {ergonomic}
    uintx GCDrainStackTargetSize                   = 64                                        {product} {ergonomic}
   size_t InitialHeapSize                          = 134217728                                 {product} {ergonomic}
   size_t MarkStackSize                            = 4194304                                   {product} {ergonomic}
   size_t MaxHeapSize                              = 1610612736                                {product} {command line}
   size_t MaxNewSize                               = 965738496                                 {product} {ergonomic}
   size_t MinHeapDeltaBytes                        = 1048576                                   {product} {ergonomic}
    uintx NonNMethodCodeHeapSize                   = 5836300                                {pd product} {ergonomic}
    uintx NonProfiledCodeHeapSize                  = 122910970                              {pd product} {ergonomic}
    uintx ProfiledCodeHeapSize                     = 122910970                              {pd product} {ergonomic}
    uintx ReservedCodeCacheSize                    = 251658240                              {pd product} {ergonomic}
     bool SegmentedCodeCache                       = true                                      {product} {ergonomic}
     bool UseCompressedClassPointers               = true                                 {lp64_product} {ergonomic}
     bool UseCompressedOops                        = true                                 {lp64_product} {ergonomic}
     bool UseG1GC                                  = true                                      {product} {ergonomic}
     bool UseLargePagesIndividualAllocation        = false                                  {pd product} {ergonomic}

Logging:
Log output configuration:
 #0: stdout all=warning uptime,level,tags
 #1: stderr all=off uptime,level,tags

Environment Variables:
JAVA_HOME=C:\Program Files\Android\Android Studio\jre
CLASSPATH=C:\Users\anatr\Desktop\GitHub\currency_exchange\android\\gradle\wrapper\gradle-wrapper.jar
PATH=C:\Program Files\Common Files\Oracle\Java\javapath;C:\Windows\system32;C:\Windows;C:\Windows\System32\Wbem;C:\Windows\System32\WindowsPowerShell\v1.0\;C:\Windows\System32\OpenSSH\;C:\Program Files\Microsoft SQL Server\Client SDK\ODBC\170\Tools\Binn\;C:\Program Files\Microsoft SQL Server\150\Tools\Binn\;C:\Program Files (x86)\Microsoft SQL Server\150\DTS\Binn\;C:\Program Files\Azure Data Studio\bin;C:\Program Files (x86)\Microsoft SQL Server\150\Tools\Binn\;C:\Program Files\Microsoft SQL Server\150\DTS\Binn\;C:\Program Files\Git\cmd;C:\WINDOWS\system32;C:\WINDOWS;C:\WINDOWS\System32\Wbem;C:\WINDOWS\System32\WindowsPowerShell\v1.0\;C:\WINDOWS\System32\OpenSSH\;C:\Program Files\dotnet\;C:\Program Files\nodejs\;C:\Program Files\Amazon\AWSCLIV2\;C:\Program Files\MySQL\MySQL Shell 8.0\bin\;C:\Python\Python311\Scripts\;C:\Python\Python311\;C:\Users\anatr\AppData\Local\Microsoft\WindowsApps;C:\Users\anatr\AppData\Local\Programs\Microsoft VS Code\bin;C:\Users\anatr\.dotnet\tools;C:\Users\anatr\AppData\Local\GitHubDesktop\bin;C:\Users\anatr\AppData\Roaming\npm;C:\Users\flutter_windows_3.7.12-stable\flutter\bin;C:\Users\flutter_windows_3.7.12-stable\flutter\bin\mingit\cmd
USERNAME=anatr
OS=Windows_NT
PROCESSOR_IDENTIFIER=Intel64 Family 6 Model 142 Stepping 10, GenuineIntel



---------------  S Y S T E M  ---------------

OS: Windows 11 , 64 bit Build 22621 (10.0.22621.2215)
OS uptime: 16 days 3:33 hours
Hyper-V role detected

CPU:total 8 (initial active 8) (4 cores per cpu, 2 threads per core) family 6 model 142 stepping 10 microcode 0xe0, cmov, cx8, fxsr, mmx, sse, sse2, sse3, ssse3, sse4.1, sse4.2, popcnt, avx, avx2, aes, clmul, erms, 3dnowpref, lzcnt, ht, tsc, tscinvbit, bmi1, bmi2, adx, fma

Memory: 4k page, system-wide physical 8078M (229M free)
TotalPageFile size 32654M (AvailPageFile size 0M)
current process WorkingSet (physical memory assigned to process): 320M, peak: 367M
current process commit charge ("private bytes"): 394M, peak: 422M

vm_info: OpenJDK 64-Bit Server VM (11.0.13+0-b1751.21-8125866) for windows-amd64 JRE (11.0.13+0-b1751.21-8125866), built on Feb  2 2022 03:00:22 by "builder" with MS VC++ 14.0 (VS2015)

END.
