#
# There is insufficient memory for the Java Runtime Environment to continue.
# Native memory allocation (mmap) failed to map 134217728 bytes for Failed to commit area from 0x0000000081c00000 to 0x0000000089c00000 of length 134217728.
# Possible reasons:
#   The system is out of physical RAM or swap space
#   The process is running with CompressedOops enabled, and the Java Heap may be blocking the growth of the native heap
# Possible solutions:
#   Reduce memory load on the system
#   Increase physical memory or swap space
#   Check if swap backing store is full
#   Decrease Java heap size (-Xmx/-Xms)
#   Decrease number of Java threads
#   Decrease Java thread stack sizes (-Xss)
#   Set larger code cache with -XX:ReservedCodeCacheSize=
# This output file may be truncated or incomplete.
#
#  Out of Memory Error (./src/hotspot/os/windows/os_windows.cpp:3619), pid=9140, tid=10412
#
# JRE version:  (11.0.13) (build )
# Java VM: OpenJDK 64-Bit Server VM (11.0.13+0-b1751.21-8125866, mixed mode, sharing, tiered, compressed oops, g1 gc, windows-amd64)
# No core dump will be written. Minidumps are not enabled by default on client versions of Windows
#

---------------  S U M M A R Y ------------

Command Line: -Dorg.gradle.appname=gradlew org.gradle.wrapper.GradleWrapperMain -q -Ptarget-platform=android-x64 -Ptarget=C:\Users\anatr\Desktop\GitHub\currency_exchange\lib\main.dart -Pbase-application-name=android.app.Application -Pdart-defines=Zmx1dHRlci5pbnNwZWN0b3Iuc3RydWN0dXJlZEVycm9ycz10cnVl,RkxVVFRFUl9XRUJfQVVUT19ERVRFQ1Q9dHJ1ZQ== -Pdart-obfuscation=false -Ptrack-widget-creation=true -Ptree-shake-icons=false -Pfilesystem-scheme=org-dartlang-root assembleDebug

Host: Intel(R) Core(TM) i5-8250U CPU @ 1.60GHz, 8 cores, 7G,  Windows 11 , 64 bit Build 22621 (10.0.22621.2215)
Time: Fri Oct  6 16:50:45 2023 Eastern Daylight Time elapsed time: 0.054069 seconds (0d 0h 0m 0s)

---------------  T H R E A D  ---------------

Current thread (0x000001e395259800):  JavaThread "Unknown thread" [_thread_in_vm, id=10412, stack(0x000000ccdc500000,0x000000ccdc600000)]

Stack: [0x000000ccdc500000,0x000000ccdc600000]
Native frames: (J=compiled Java code, j=interpreted, Vv=VM code, C=native code)
V  [jvm.dll+0x6100fa]
V  [jvm.dll+0x747090]
V  [jvm.dll+0x7486ad]
V  [jvm.dll+0x748d83]
V  [jvm.dll+0x24ab48]
V  [jvm.dll+0x60d164]
V  [jvm.dll+0x601e75]
V  [jvm.dll+0x308bdb]
V  [jvm.dll+0x308b4a]
V  [jvm.dll+0x308a22]
V  [jvm.dll+0x30d986]
V  [jvm.dll+0x357093]
V  [jvm.dll+0x357796]
V  [jvm.dll+0x357193]
V  [jvm.dll+0x2e3448]
V  [jvm.dll+0x2e45f7]
V  [jvm.dll+0x7242e7]
V  [jvm.dll+0x725adc]
V  [jvm.dll+0x364629]
V  [jvm.dll+0x707cee]
V  [jvm.dll+0x3d2633]
V  [jvm.dll+0x3d4a21]
C  [jli.dll+0x536b]
C  [ucrtbase.dll+0x29363]
C  [KERNEL32.DLL+0x1257d]
C  [ntdll.dll+0x5aa68]


---------------  P R O C E S S  ---------------

Threads class SMR info:
_java_thread_list=0x000001e392fd6970, length=0, elements={
}

Java Threads: ( => current thread )

Other Threads:
  0x000001e395273000 GCTaskThread "GC Thread#0" [stack: 0x000000ccdc600000,0x000000ccdc700000] [id=11628]
  0x000001e3952a2800 ConcurrentGCThread "G1 Main Marker" [stack: 0x000000ccdc700000,0x000000ccdc800000] [id=13704]
  0x000001e3952a4000 ConcurrentGCThread "G1 Conc#0" [stack: 0x000000ccdc800000,0x000000ccdc900000] [id=15844]

[error occurred during error reporting (printing all threads), id 0xc0000005, EXCEPTION_ACCESS_VIOLATION (0xc0000005) at pc=0x00007ffb48203dd7]

VM state:not at safepoint (not fully initialized)

VM Mutex/Monitor currently owned by a thread:  ([mutex/lock_event])
[0x000001e3952560d0] Heap_lock - owner thread: 0x000001e395259800

Heap address: 0x0000000081c00000, size: 2020 MB, Compressed Oops mode: Non-zero based: 0x0000000081c00000
Narrow klass base: 0x0000000000000000, Narrow klass shift: 0

GC Heap History (0 events):
No events

Deoptimization events (0 events):
No events

Classes redefined (0 events):
No events

Internal exceptions (0 events):
No events

Events (1 events):
Event: 0.033 Loaded shared library C:\Program Files\Android\Android Studio\jre\bin\zip.dll


Dynamic libraries:
0x00007ff6f0ee0000 - 0x00007ff6f0eea000 	C:\Program Files\Android\Android Studio\jre\bin\java.exe
0x00007ffbae810000 - 0x00007ffbaea24000 	C:\WINDOWS\SYSTEM32\ntdll.dll
0x00007ffbadea0000 - 0x00007ffbadf64000 	C:\WINDOWS\System32\KERNEL32.DLL
0x00007ffbabdd0000 - 0x00007ffbac174000 	C:\WINDOWS\System32\KERNELBASE.dll
0x00007ffbac270000 - 0x00007ffbac381000 	C:\WINDOWS\System32\ucrtbase.dll
0x00007ffb92d00000 - 0x00007ffb92d19000 	C:\Program Files\Android\Android Studio\jre\bin\jli.dll
0x00007ffbac5a0000 - 0x00007ffbac74e000 	C:\WINDOWS\System32\USER32.dll
0x00007ffbabbc0000 - 0x00007ffbabbe6000 	C:\WINDOWS\System32\win32u.dll
0x00007ffbae5e0000 - 0x00007ffbae609000 	C:\WINDOWS\System32\GDI32.dll
0x00007ffbabcb0000 - 0x00007ffbabdc8000 	C:\WINDOWS\System32\gdi32full.dll
0x00007ffbac500000 - 0x00007ffbac59a000 	C:\WINDOWS\System32\msvcp_win.dll
0x00007ffb8f190000 - 0x00007ffb8f423000 	C:\WINDOWS\WinSxS\amd64_microsoft.windows.common-controls_6595b64144ccf1df_6.0.22621.2215_none_270d72677387dfc3\COMCTL32.dll
0x00007ffbae4a0000 - 0x00007ffbae547000 	C:\WINDOWS\System32\msvcrt.dll
0x00007ffb92ba0000 - 0x00007ffb92bb7000 	C:\Program Files\Android\Android Studio\jre\bin\VCRUNTIME140.dll
0x00007ffbae220000 - 0x00007ffbae251000 	C:\WINDOWS\System32\IMM32.DLL
0x00007ffb63010000 - 0x00007ffb630ad000 	C:\Program Files\Android\Android Studio\jre\bin\msvcp140.dll
0x00007ffb47f10000 - 0x00007ffb48a12000 	C:\Program Files\Android\Android Studio\jre\bin\server\jvm.dll
0x00007ffbae2e0000 - 0x00007ffbae390000 	C:\WINDOWS\System32\ADVAPI32.dll
0x00007ffbae390000 - 0x00007ffbae436000 	C:\WINDOWS\System32\sechost.dll
0x00007ffbadb90000 - 0x00007ffbadca7000 	C:\WINDOWS\System32\RPCRT4.dll
0x00007ffbac7c0000 - 0x00007ffbac7c8000 	C:\WINDOWS\System32\PSAPI.DLL
0x00007ffb8c410000 - 0x00007ffb8c419000 	C:\WINDOWS\SYSTEM32\WSOCK32.dll
0x00007ffbae260000 - 0x00007ffbae2d1000 	C:\WINDOWS\System32\WS2_32.dll
0x00007ffba4610000 - 0x00007ffba4644000 	C:\WINDOWS\SYSTEM32\WINMM.dll
0x00007ffba31b0000 - 0x00007ffba31ba000 	C:\WINDOWS\SYSTEM32\VERSION.dll
0x00007ffbaab80000 - 0x00007ffbaab98000 	C:\WINDOWS\SYSTEM32\kernel.appcore.dll
0x00007ffb962a0000 - 0x00007ffb962b1000 	C:\Program Files\Android\Android Studio\jre\bin\verify.dll
0x00007ffba8b50000 - 0x00007ffba8d7e000 	C:\WINDOWS\SYSTEM32\DBGHELP.DLL
0x00007ffbac7d0000 - 0x00007ffbacb5a000 	C:\WINDOWS\System32\combase.dll
0x00007ffbadf70000 - 0x00007ffbae047000 	C:\WINDOWS\System32\OLEAUT32.dll
0x00007ffb7c0b0000 - 0x00007ffb7c0e2000 	C:\WINDOWS\SYSTEM32\dbgcore.DLL
0x00007ffbac180000 - 0x00007ffbac1fa000 	C:\WINDOWS\System32\bcryptPrimitives.dll
0x00007ffb944b0000 - 0x00007ffb944d9000 	C:\Program Files\Android\Android Studio\jre\bin\java.dll
0x00007ffb9a7a0000 - 0x00007ffb9a7ab000 	C:\Program Files\Android\Android Studio\jre\bin\jimage.dll
0x00007ffb95520000 - 0x00007ffb95538000 	C:\Program Files\Android\Android Studio\jre\bin\zip.dll

dbghelp: loaded successfully - version: 4.0.5 - missing functions: none
symbol engine: initialized successfully - sym options: 0x614 - pdb path: .;C:\Program Files\Android\Android Studio\jre\bin;C:\WINDOWS\SYSTEM32;C:\WINDOWS\WinSxS\amd64_microsoft.windows.common-controls_6595b64144ccf1df_6.0.22621.2215_none_270d72677387dfc3;C:\Program Files\Android\Android Studio\jre\bin\server

VM Arguments:
jvm_args: -Dorg.gradle.appname=gradlew 
java_command: org.gradle.wrapper.GradleWrapperMain -q -Ptarget-platform=android-x64 -Ptarget=C:\Users\anatr\Desktop\GitHub\currency_exchange\lib\main.dart -Pbase-application-name=android.app.Application -Pdart-defines=Zmx1dHRlci5pbnNwZWN0b3Iuc3RydWN0dXJlZEVycm9ycz10cnVl,RkxVVFRFUl9XRUJfQVVUT19ERVRFQ1Q9dHJ1ZQ== -Pdart-obfuscation=false -Ptrack-widget-creation=true -Ptree-shake-icons=false -Pfilesystem-scheme=org-dartlang-root assembleDebug
java_class_path (initial): C:\Users\anatr\Desktop\GitHub\currency_exchange\android\\gradle\wrapper\gradle-wrapper.jar
Launcher Type: SUN_STANDARD

[Global flags]
     intx CICompilerCount                          = 4                                         {product} {ergonomic}
     uint ConcGCThreads                            = 2                                         {product} {ergonomic}
     uint G1ConcRefinementThreads                  = 8                                         {product} {ergonomic}
   size_t G1HeapRegionSize                         = 1048576                                   {product} {ergonomic}
    uintx GCDrainStackTargetSize                   = 64                                        {product} {ergonomic}
   size_t InitialHeapSize                          = 134217728                                 {product} {ergonomic}
   size_t MarkStackSize                            = 4194304                                   {product} {ergonomic}
   size_t MaxHeapSize                              = 2118123520                                {product} {ergonomic}
   size_t MinHeapDeltaBytes                        = 1048576                                   {product} {ergonomic}
    uintx NonNMethodCodeHeapSize                   = 5836300                                {pd product} {ergonomic}
    uintx NonProfiledCodeHeapSize                  = 122910970                              {pd product} {ergonomic}
    uintx ProfiledCodeHeapSize                     = 122910970                              {pd product} {ergonomic}
    uintx ReservedCodeCacheSize                    = 251658240                              {pd product} {ergonomic}
     bool SegmentedCodeCache                       = true                                      {product} {ergonomic}
     bool UseCompressedClassPointers               = true                                 {lp64_product} {ergonomic}
     bool UseCompressedOops                        = true                                 {lp64_product} {ergonomic}
     bool UseG1GC                                  = true                                      {product} {ergonomic}
     bool UseLargePagesIndividualAllocation        = false                                  {pd product} {ergonomic}

Logging:
Log output configuration:
 #0: stdout all=warning uptime,level,tags
 #1: stderr all=off uptime,level,tags

Environment Variables:
JAVA_HOME=C:\Program Files\Android\Android Studio\jre
CLASSPATH=C:\Users\anatr\Desktop\GitHub\currency_exchange\android\\gradle\wrapper\gradle-wrapper.jar
PATH=C:\Program Files\Common Files\Oracle\Java\javapath;C:\Windows\system32;C:\Windows;C:\Windows\System32\Wbem;C:\Windows\System32\WindowsPowerShell\v1.0\;C:\Windows\System32\OpenSSH\;C:\Program Files\Microsoft SQL Server\Client SDK\ODBC\170\Tools\Binn\;C:\Program Files\Microsoft SQL Server\150\Tools\Binn\;C:\Program Files (x86)\Microsoft SQL Server\150\DTS\Binn\;C:\Program Files\Azure Data Studio\bin;C:\Program Files (x86)\Microsoft SQL Server\150\Tools\Binn\;C:\Program Files\Microsoft SQL Server\150\DTS\Binn\;C:\Program Files\Git\cmd;C:\WINDOWS\system32;C:\WINDOWS;C:\WINDOWS\System32\Wbem;C:\WINDOWS\System32\WindowsPowerShell\v1.0\;C:\WINDOWS\System32\OpenSSH\;C:\Program Files\dotnet\;C:\Program Files\nodejs\;C:\Program Files\Amazon\AWSCLIV2\;C:\Program Files\MySQL\MySQL Shell 8.0\bin\;C:\Python\Python311\Scripts\;C:\Python\Python311\;C:\Users\anatr\AppData\Local\Microsoft\WindowsApps;C:\Users\anatr\AppData\Local\Programs\Microsoft VS Code\bin;C:\Users\anatr\.dotnet\tools;C:\Users\anatr\AppData\Local\GitHubDesktop\bin;C:\Users\anatr\AppData\Roaming\npm;C:\Users\flutter_windows_3.7.12-stable\flutter\bin;C:\Users\flutter_windows_3.7.12-stable\flutter\bin\mingit\cmd
USERNAME=anatr
OS=Windows_NT
PROCESSOR_IDENTIFIER=Intel64 Family 6 Model 142 Stepping 10, GenuineIntel



---------------  S Y S T E M  ---------------

OS: Windows 11 , 64 bit Build 22621 (10.0.22621.2215)
OS uptime: 16 days 4:10 hours
Hyper-V role detected

CPU:total 8 (initial active 8) (4 cores per cpu, 2 threads per core) family 6 model 142 stepping 10 microcode 0xe0, cmov, cx8, fxsr, mmx, sse, sse2, sse3, ssse3, sse4.1, sse4.2, popcnt, avx, avx2, aes, clmul, erms, 3dnowpref, lzcnt, ht, tsc, tscinvbit, bmi1, bmi2, adx, fma

Memory: 4k page, system-wide physical 8078M (322M free)
TotalPageFile size 32654M (AvailPageFile size 69M)
current process WorkingSet (physical memory assigned to process): 11M, peak: 11M
current process commit charge ("private bytes"): 60M, peak: 187M

vm_info: OpenJDK 64-Bit Server VM (11.0.13+0-b1751.21-8125866) for windows-amd64 JRE (11.0.13+0-b1751.21-8125866), built on Feb  2 2022 03:00:22 by "builder" with MS VC++ 14.0 (VS2015)

END.
